2022-07-22T09:46:39.210+0800	INFO	mongodb/mdb.go:77	Connected to MongoDB!	{"MongoDB": "--------->connect"}
2022-07-22T09:46:39.298+0800	INFO	mysqldb/mysql.go:31	Mysql connect!	{"Mysql": "--------->connect"}
2022-07-22T09:46:39.563+0800	INFO	ACS/enforcer.go:30	casbin connect!	{"casbin": "--------->connect"}
2022-07-22T09:46:39.602+0800	INFO	redisdb/rds.go:48	Redis connect!	{"Redis": "--------->connect"}
2022-07-22T09:48:18.172+0800	ERROR	middleware/loggerMidd.go:73	[Recovery from panic]	{"error": "runtime error: index out of range [1] with length 1", "request": "GET /weight/craft HTTP/1.1\r\nHost: 10.10.181.111:8877\r\nAccept: */*\r\nAccept-Encoding: gzip, deflate, br\r\nConnection: keep-alive\r\nPostman-Token: 7119c393-7fed-471c-8971-193a9ac9b0f1\r\nUser-Agent: PostmanRuntime/7.28.4\r\n\r\n", "stack": "goroutine 74 [running]:\nruntime/debug.Stack()\n\t/usr/local/go/src/runtime/debug/stack.go:24 +0x88\nawesomeSystem/middleware.GinRecovery.func1.1(0x14000a98500, 0x1)\n\t/Users/jailge/GolandProjects/proj/bigthing/awesomeSystem/middleware/loggerMidd.go:76 +0x2d8\npanic({0x1031a70c0, 0x1400012a9a8})\n\t/usr/local/go/src/runtime/panic.go:1038 +0x21c\nawesomeSystem/middleware.JWTAuth.func1(0x14000a98500)\n\t/Users/jailge/GolandProjects/proj/bigthing/awesomeSystem/middleware/jwtMidd.go:30 +0x420\ngithub.com/gin-gonic/gin.(*Context).Next(...)\n\t/Users/jailge/go/pkg/mod/github.com/gin-gonic/gin@v1.8.1/context.go:173\nawesomeSystem/middleware.GinRecovery.func1(0x14000a98500)\n\t/Users/jailge/GolandProjects/proj/bigthing/awesomeSystem/middleware/loggerMidd.go:87 +0x70\ngithub.com/gin-gonic/gin.(*Context).Next(...)\n\t/Users/jailge/go/pkg/mod/github.com/gin-gonic/gin@v1.8.1/context.go:173\nawesomeSystem/middleware.GinLogger.func1(0x14000a98500)\n\t/Users/jailge/GolandProjects/proj/bigthing/awesomeSystem/middleware/loggerMidd.go:24 +0x90\ngithub.com/gin-gonic/gin.(*Context).Next(...)\n\t/Users/jailge/go/pkg/mod/github.com/gin-gonic/gin@v1.8.1/context.go:173\nawesomeSystem/middleware.RateLimitMiddleware.func1(0x14000a98500)\n\t/Users/jailge/GolandProjects/proj/bigthing/awesomeSystem/middleware/ratelimitMidd.go:18 +0xd0\ngithub.com/gin-gonic/gin.(*Context).Next(...)\n\t/Users/jailge/go/pkg/mod/github.com/gin-gonic/gin@v1.8.1/context.go:173\ngithub.com/chenjiandongx/ginprom.PromMiddleware.func2(0x14000a98500)\n\t/Users/jailge/go/pkg/mod/github.com/chenjiandongx/ginprom@v0.0.0-20210617023641-6c809602c38a/middleware.go:148 +0x68\ngithub.com/gin-gonic/gin.(*Context).Next(...)\n\t/Users/jailge/go/pkg/mod/github.com/gin-gonic/gin@v1.8.1/context.go:173\ngithub.com/gin-gonic/gin.CustomRecoveryWithWriter.func1(0x14000a98500)\n\t/Users/jailge/go/pkg/mod/github.com/gin-gonic/gin@v1.8.1/recovery.go:101 +0x90\ngithub.com/gin-gonic/gin.(*Context).Next(...)\n\t/Users/jailge/go/pkg/mod/github.com/gin-gonic/gin@v1.8.1/context.go:173\ngithub.com/gin-gonic/gin.LoggerWithConfig.func1(0x14000a98500)\n\t/Users/jailge/go/pkg/mod/github.com/gin-gonic/gin@v1.8.1/logger.go:240 +0xb8\ngithub.com/gin-gonic/gin.(*Context).Next(...)\n\t/Users/jailge/go/pkg/mod/github.com/gin-gonic/gin@v1.8.1/context.go:173\ngithub.com/gin-gonic/gin.(*Engine).handleHTTPRequest(0x140006024e0, 0x14000a98500)\n\t/Users/jailge/go/pkg/mod/github.com/gin-gonic/gin@v1.8.1/gin.go:616 +0x58c\ngithub.com/gin-gonic/gin.(*Engine).ServeHTTP(0x140006024e0, {0x1032513b8, 0x14000ace000}, 0x14000a98400)\n\t/Users/jailge/go/pkg/mod/github.com/gin-gonic/gin@v1.8.1/gin.go:572 +0x1bc\nnet/http.serverHandler.ServeHTTP({0x140009e30a0}, {0x1032513b8, 0x14000ace000}, 0x14000a98400)\n\t/usr/local/go/src/net/http/server.go:2878 +0x444\nnet/http.(*conn).serve(0x14000946aa0, {0x103259fb8, 0x140009e9530})\n\t/usr/local/go/src/net/http/server.go:1929 +0xb6c\ncreated by net/http.(*Server).Serve\n\t/usr/local/go/src/net/http/server.go:3033 +0x4b8\n"}
awesomeSystem/middleware.GinRecovery.func1.1
	/Users/jailge/GolandProjects/proj/bigthing/awesomeSystem/middleware/loggerMidd.go:73
runtime.gopanic
	/usr/local/go/src/runtime/panic.go:1038
runtime.goPanicIndex
	/usr/local/go/src/runtime/panic.go:90
awesomeSystem/middleware.JWTAuth.func1
	/Users/jailge/GolandProjects/proj/bigthing/awesomeSystem/middleware/jwtMidd.go:30
github.com/gin-gonic/gin.(*Context).Next
	/Users/jailge/go/pkg/mod/github.com/gin-gonic/gin@v1.8.1/context.go:173
awesomeSystem/middleware.GinRecovery.func1
	/Users/jailge/GolandProjects/proj/bigthing/awesomeSystem/middleware/loggerMidd.go:87
github.com/gin-gonic/gin.(*Context).Next
	/Users/jailge/go/pkg/mod/github.com/gin-gonic/gin@v1.8.1/context.go:173
awesomeSystem/middleware.GinLogger.func1
	/Users/jailge/GolandProjects/proj/bigthing/awesomeSystem/middleware/loggerMidd.go:24
github.com/gin-gonic/gin.(*Context).Next
	/Users/jailge/go/pkg/mod/github.com/gin-gonic/gin@v1.8.1/context.go:173
awesomeSystem/middleware.RateLimitMiddleware.func1
	/Users/jailge/GolandProjects/proj/bigthing/awesomeSystem/middleware/ratelimitMidd.go:18
github.com/gin-gonic/gin.(*Context).Next
	/Users/jailge/go/pkg/mod/github.com/gin-gonic/gin@v1.8.1/context.go:173
github.com/chenjiandongx/ginprom.PromMiddleware.func2
	/Users/jailge/go/pkg/mod/github.com/chenjiandongx/ginprom@v0.0.0-20210617023641-6c809602c38a/middleware.go:148
github.com/gin-gonic/gin.(*Context).Next
	/Users/jailge/go/pkg/mod/github.com/gin-gonic/gin@v1.8.1/context.go:173
github.com/gin-gonic/gin.CustomRecoveryWithWriter.func1
	/Users/jailge/go/pkg/mod/github.com/gin-gonic/gin@v1.8.1/recovery.go:101
github.com/gin-gonic/gin.(*Context).Next
	/Users/jailge/go/pkg/mod/github.com/gin-gonic/gin@v1.8.1/context.go:173
github.com/gin-gonic/gin.LoggerWithConfig.func1
	/Users/jailge/go/pkg/mod/github.com/gin-gonic/gin@v1.8.1/logger.go:240
github.com/gin-gonic/gin.(*Context).Next
	/Users/jailge/go/pkg/mod/github.com/gin-gonic/gin@v1.8.1/context.go:173
github.com/gin-gonic/gin.(*Engine).handleHTTPRequest
	/Users/jailge/go/pkg/mod/github.com/gin-gonic/gin@v1.8.1/gin.go:616
github.com/gin-gonic/gin.(*Engine).ServeHTTP
	/Users/jailge/go/pkg/mod/github.com/gin-gonic/gin@v1.8.1/gin.go:572
net/http.serverHandler.ServeHTTP
	/usr/local/go/src/net/http/server.go:2878
net/http.(*conn).serve
	/usr/local/go/src/net/http/server.go:1929
2022-07-22T09:48:18.182+0800	INFO	middleware/loggerMidd.go:30	/weight/craft	{"statusxixixixi": 500, "method": "GET", "path": "/weight/craft", "query": "", "ip": "10.10.181.111", "user-agent": "PostmanRuntime/7.28.4", "errors": "", "cost": "11.159916ms"}
2022-07-22T09:50:07.022+0800	INFO	mongodb/mdb.go:77	Connected to MongoDB!	{"MongoDB": "--------->connect"}
2022-07-22T09:50:07.094+0800	INFO	mysqldb/mysql.go:31	Mysql connect!	{"Mysql": "--------->connect"}
2022-07-22T09:50:07.362+0800	INFO	ACS/enforcer.go:30	casbin connect!	{"casbin": "--------->connect"}
2022-07-22T09:50:07.405+0800	INFO	redisdb/rds.go:48	Redis connect!	{"Redis": "--------->connect"}
2022-07-22T09:50:23.197+0800	ERROR	middleware/loggerMidd.go:73	[Recovery from panic]	{"error": "runtime error: index out of range [1] with length 1", "request": "GET /weight/craft HTTP/1.1\r\nHost: 10.10.181.111:8877\r\nAccept: */*\r\nAccept-Encoding: gzip, deflate, br\r\nConnection: keep-alive\r\nPostman-Token: b72fa086-2081-42ee-b97c-02d6915fcbbe\r\nUser-Agent: PostmanRuntime/7.28.4\r\n\r\n", "stack": "goroutine 68 [running]:\nruntime/debug.Stack()\n\t/usr/local/go/src/runtime/debug/stack.go:24 +0x88\nawesomeSystem/middleware.GinRecovery.func1.1(0x14000a96200, 0x1)\n\t/Users/jailge/GolandProjects/proj/bigthing/awesomeSystem/middleware/loggerMidd.go:76 +0x2d8\npanic({0x1038b30c0, 0x14000a90060})\n\t/usr/local/go/src/runtime/panic.go:1038 +0x21c\nawesomeSystem/middleware.JWTAuth.func1(0x14000a96200)\n\t/Users/jailge/GolandProjects/proj/bigthing/awesomeSystem/middleware/jwtMidd.go:30 +0x420\ngithub.com/gin-gonic/gin.(*Context).Next(...)\n\t/Users/jailge/go/pkg/mod/github.com/gin-gonic/gin@v1.8.1/context.go:173\nawesomeSystem/middleware.GinRecovery.func1(0x14000a96200)\n\t/Users/jailge/GolandProjects/proj/bigthing/awesomeSystem/middleware/loggerMidd.go:87 +0x70\ngithub.com/gin-gonic/gin.(*Context).Next(...)\n\t/Users/jailge/go/pkg/mod/github.com/gin-gonic/gin@v1.8.1/context.go:173\nawesomeSystem/middleware.GinLogger.func1(0x14000a96200)\n\t/Users/jailge/GolandProjects/proj/bigthing/awesomeSystem/middleware/loggerMidd.go:24 +0x90\ngithub.com/gin-gonic/gin.(*Context).Next(...)\n\t/Users/jailge/go/pkg/mod/github.com/gin-gonic/gin@v1.8.1/context.go:173\nawesomeSystem/middleware.RateLimitMiddleware.func1(0x14000a96200)\n\t/Users/jailge/GolandProjects/proj/bigthing/awesomeSystem/middleware/ratelimitMidd.go:18 +0xd0\ngithub.com/gin-gonic/gin.(*Context).Next(...)\n\t/Users/jailge/go/pkg/mod/github.com/gin-gonic/gin@v1.8.1/context.go:173\ngithub.com/chenjiandongx/ginprom.PromMiddleware.func2(0x14000a96200)\n\t/Users/jailge/go/pkg/mod/github.com/chenjiandongx/ginprom@v0.0.0-20210617023641-6c809602c38a/middleware.go:148 +0x68\ngithub.com/gin-gonic/gin.(*Context).Next(...)\n\t/Users/jailge/go/pkg/mod/github.com/gin-gonic/gin@v1.8.1/context.go:173\ngithub.com/gin-gonic/gin.CustomRecoveryWithWriter.func1(0x14000a96200)\n\t/Users/jailge/go/pkg/mod/github.com/gin-gonic/gin@v1.8.1/recovery.go:101 +0x90\ngithub.com/gin-gonic/gin.(*Context).Next(...)\n\t/Users/jailge/go/pkg/mod/github.com/gin-gonic/gin@v1.8.1/context.go:173\ngithub.com/gin-gonic/gin.LoggerWithConfig.func1(0x14000a96200)\n\t/Users/jailge/go/pkg/mod/github.com/gin-gonic/gin@v1.8.1/logger.go:240 +0xb8\ngithub.com/gin-gonic/gin.(*Context).Next(...)\n\t/Users/jailge/go/pkg/mod/github.com/gin-gonic/gin@v1.8.1/context.go:173\ngithub.com/gin-gonic/gin.(*Engine).handleHTTPRequest(0x140001dab60, 0x14000a96200)\n\t/Users/jailge/go/pkg/mod/github.com/gin-gonic/gin@v1.8.1/gin.go:616 +0x58c\ngithub.com/gin-gonic/gin.(*Engine).ServeHTTP(0x140001dab60, {0x10395d3d8, 0x14000aae000}, 0x14000a96100)\n\t/Users/jailge/go/pkg/mod/github.com/gin-gonic/gin@v1.8.1/gin.go:572 +0x1bc\nnet/http.serverHandler.ServeHTTP({0x1400059b180}, {0x10395d3d8, 0x14000aae000}, 0x14000a96100)\n\t/usr/local/go/src/net/http/server.go:2878 +0x444\nnet/http.(*conn).serve(0x14000a8a000, {0x103965fd8, 0x14000a6b020})\n\t/usr/local/go/src/net/http/server.go:1929 +0xb6c\ncreated by net/http.(*Server).Serve\n\t/usr/local/go/src/net/http/server.go:3033 +0x4b8\n"}
awesomeSystem/middleware.GinRecovery.func1.1
	/Users/jailge/GolandProjects/proj/bigthing/awesomeSystem/middleware/loggerMidd.go:73
runtime.gopanic
	/usr/local/go/src/runtime/panic.go:1038
runtime.goPanicIndex
	/usr/local/go/src/runtime/panic.go:90
awesomeSystem/middleware.JWTAuth.func1
	/Users/jailge/GolandProjects/proj/bigthing/awesomeSystem/middleware/jwtMidd.go:30
github.com/gin-gonic/gin.(*Context).Next
	/Users/jailge/go/pkg/mod/github.com/gin-gonic/gin@v1.8.1/context.go:173
awesomeSystem/middleware.GinRecovery.func1
	/Users/jailge/GolandProjects/proj/bigthing/awesomeSystem/middleware/loggerMidd.go:87
github.com/gin-gonic/gin.(*Context).Next
	/Users/jailge/go/pkg/mod/github.com/gin-gonic/gin@v1.8.1/context.go:173
awesomeSystem/middleware.GinLogger.func1
	/Users/jailge/GolandProjects/proj/bigthing/awesomeSystem/middleware/loggerMidd.go:24
github.com/gin-gonic/gin.(*Context).Next
	/Users/jailge/go/pkg/mod/github.com/gin-gonic/gin@v1.8.1/context.go:173
awesomeSystem/middleware.RateLimitMiddleware.func1
	/Users/jailge/GolandProjects/proj/bigthing/awesomeSystem/middleware/ratelimitMidd.go:18
github.com/gin-gonic/gin.(*Context).Next
	/Users/jailge/go/pkg/mod/github.com/gin-gonic/gin@v1.8.1/context.go:173
github.com/chenjiandongx/ginprom.PromMiddleware.func2
	/Users/jailge/go/pkg/mod/github.com/chenjiandongx/ginprom@v0.0.0-20210617023641-6c809602c38a/middleware.go:148
github.com/gin-gonic/gin.(*Context).Next
	/Users/jailge/go/pkg/mod/github.com/gin-gonic/gin@v1.8.1/context.go:173
github.com/gin-gonic/gin.CustomRecoveryWithWriter.func1
	/Users/jailge/go/pkg/mod/github.com/gin-gonic/gin@v1.8.1/recovery.go:101
github.com/gin-gonic/gin.(*Context).Next
	/Users/jailge/go/pkg/mod/github.com/gin-gonic/gin@v1.8.1/context.go:173
github.com/gin-gonic/gin.LoggerWithConfig.func1
	/Users/jailge/go/pkg/mod/github.com/gin-gonic/gin@v1.8.1/logger.go:240
github.com/gin-gonic/gin.(*Context).Next
	/Users/jailge/go/pkg/mod/github.com/gin-gonic/gin@v1.8.1/context.go:173
github.com/gin-gonic/gin.(*Engine).handleHTTPRequest
	/Users/jailge/go/pkg/mod/github.com/gin-gonic/gin@v1.8.1/gin.go:616
github.com/gin-gonic/gin.(*Engine).ServeHTTP
	/Users/jailge/go/pkg/mod/github.com/gin-gonic/gin@v1.8.1/gin.go:572
net/http.serverHandler.ServeHTTP
	/usr/local/go/src/net/http/server.go:2878
net/http.(*conn).serve
	/usr/local/go/src/net/http/server.go:1929
2022-07-22T09:50:23.207+0800	INFO	middleware/loggerMidd.go:30	/weight/craft	{"statusxixixixi": 500, "method": "GET", "path": "/weight/craft", "query": "", "ip": "10.10.181.111", "user-agent": "PostmanRuntime/7.28.4", "errors": "", "cost": "11.292875ms"}
2022-07-22T09:53:01.089+0800	INFO	Service/service.go:86	GetAllCraft	{"调用 Service": "GetAllCraft 处理请求"}
2022-07-22T09:53:01.136+0800	INFO	APIResponse/response.go:41	GetAllCraft success	{"调用 Service": "GetAllCraft success 处理请求", "处理返回值": [{"Id":"62b12dea3b72b55e4deb49c4","Name":"V法"},{"Id":"62b162f5d2350d3e494281b6","Name":"覆膜砂"},{"Id":"62b279a86d38630a961e617a","Name":"湿砂机械造型"},{"Id":"62b3b94600406d191e8369ec","Name":"湿砂机械造型（覆膜砂砂芯）"},{"Id":"62b3b95b00406d191e8369ed","Name":"湿砂手工造型"},{"Id":"62b3b99b00406d191e8369ee","Name":"湿砂手工造型(覆膜砂砂芯)"},{"Id":"62b3bba66a1d4731c9677523","Name":"湿砂手工造型（树脂泥芯）"},{"Id":"62b3bbae6a1d4731c9677524","Name":"树脂砂"},{"Id":"62b3bd1d6a1d4731c9677527","Name":"消失模"},{"Id":"62c3edba250a544b2aad186d","Name":"无"}]}
2022-07-22T09:57:59.010+0800	INFO	mongodb/mdb.go:77	Connected to MongoDB!	{"MongoDB": "--------->connect"}
2022-07-22T09:57:59.089+0800	INFO	mysqldb/mysql.go:31	Mysql connect!	{"Mysql": "--------->connect"}
2022-07-22T09:57:59.365+0800	INFO	ACS/enforcer.go:30	casbin connect!	{"casbin": "--------->connect"}
2022-07-22T09:57:59.411+0800	INFO	redisdb/rds.go:48	Redis connect!	{"Redis": "--------->connect"}
2022-07-22T09:58:09.361+0800	INFO	APIResponse/response.go:31	没有token	{"调用 Service": "没有token 处理出错", "返回错误": ""}
2022-07-22T09:58:09.361+0800	INFO	middleware/loggerMidd.go:30	/weight/craft	{"statusxixixixi": 401, "method": "GET", "path": "/weight/craft", "query": "", "ip": "10.10.181.111", "user-agent": "PostmanRuntime/7.28.4", "errors": "", "cost": "358.375µs"}
2022-07-22T09:58:16.343+0800	INFO	APIResponse/response.go:31	未登陆	{"调用 Service": "未登陆 处理出错", "返回错误": ""}
2022-07-22T09:58:16.344+0800	INFO	middleware/loggerMidd.go:30	/weight/craft	{"statusxixixixi": 401, "method": "GET", "path": "/weight/craft", "query": "", "ip": "10.10.181.111", "user-agent": "PostmanRuntime/7.28.4", "errors": "", "cost": "398µs"}
2022-07-22T09:58:29.403+0800	INFO	APIResponse/response.go:31	没有token	{"调用 Service": "没有token 处理出错", "返回错误": ""}
2022-07-22T09:58:29.404+0800	INFO	middleware/loggerMidd.go:30	/weight/craft	{"statusxixixixi": 401, "method": "GET", "path": "/weight/craft", "query": "", "ip": "10.10.181.111", "user-agent": "PostmanRuntime/7.28.4", "errors": "", "cost": "564.375µs"}
2022-07-22T09:58:57.723+0800	INFO	mongodb/mdb.go:77	Connected to MongoDB!	{"MongoDB": "--------->connect"}
2022-07-22T09:58:57.787+0800	INFO	mysqldb/mysql.go:31	Mysql connect!	{"Mysql": "--------->connect"}
2022-07-22T09:58:58.054+0800	INFO	ACS/enforcer.go:30	casbin connect!	{"casbin": "--------->connect"}
2022-07-22T09:58:58.097+0800	INFO	redisdb/rds.go:48	Redis connect!	{"Redis": "--------->connect"}
2022-07-22T09:59:05.806+0800	INFO	APIResponse/response.go:31	没有Authorization	{"调用 Service": "没有Authorization 处理出错", "返回错误": ""}
2022-07-22T09:59:05.806+0800	INFO	middleware/loggerMidd.go:30	/weight/craft	{"statusxixixixi": 401, "method": "GET", "path": "/weight/craft", "query": "", "ip": "10.10.181.111", "user-agent": "PostmanRuntime/7.28.4", "errors": "", "cost": "415.625µs"}
2022-07-22T09:59:11.859+0800	INFO	APIResponse/response.go:31	未登陆	{"调用 Service": "未登陆 处理出错", "返回错误": ""}
2022-07-22T09:59:11.859+0800	INFO	middleware/loggerMidd.go:30	/weight/craft	{"statusxixixixi": 401, "method": "GET", "path": "/weight/craft", "query": "", "ip": "10.10.181.111", "user-agent": "PostmanRuntime/7.28.4", "errors": "", "cost": "283.084µs"}
2022-07-22T09:59:20.250+0800	INFO	APIResponse/response.go:31	没有Authorization	{"调用 Service": "没有Authorization 处理出错", "返回错误": ""}
2022-07-22T09:59:20.251+0800	INFO	middleware/loggerMidd.go:30	/weight/craft	{"statusxixixixi": 401, "method": "GET", "path": "/weight/craft", "query": "", "ip": "10.10.181.111", "user-agent": "PostmanRuntime/7.28.4", "errors": "", "cost": "491.083µs"}
2022-07-22T09:59:23.596+0800	INFO	APIResponse/response.go:31	没有Authorization	{"调用 Service": "没有Authorization 处理出错", "返回错误": ""}
2022-07-22T09:59:23.596+0800	INFO	middleware/loggerMidd.go:30	/weight/craft	{"statusxixixixi": 401, "method": "GET", "path": "/weight/craft", "query": "", "ip": "10.10.181.111", "user-agent": "PostmanRuntime/7.28.4", "errors": "", "cost": "124.5µs"}
2022-07-22T09:59:27.620+0800	INFO	APIResponse/response.go:31	没有Authorization	{"调用 Service": "没有Authorization 处理出错", "返回错误": ""}
2022-07-22T09:59:27.621+0800	INFO	middleware/loggerMidd.go:30	/weight/craft	{"statusxixixixi": 401, "method": "GET", "path": "/weight/craft", "query": "", "ip": "10.10.181.111", "user-agent": "PostmanRuntime/7.28.4", "errors": "", "cost": "341.875µs"}
2022-07-22T10:02:34.037+0800	INFO	Service/service.go:86	GetAllCraft	{"调用 Service": "GetAllCraft 处理请求"}
2022-07-22T10:02:34.079+0800	INFO	APIResponse/response.go:41	GetAllCraft success	{"调用 Service": "GetAllCraft success 处理请求", "处理返回值": [{"Id":"62b12dea3b72b55e4deb49c4","Name":"V法"},{"Id":"62b162f5d2350d3e494281b6","Name":"覆膜砂"},{"Id":"62b279a86d38630a961e617a","Name":"湿砂机械造型"},{"Id":"62b3b94600406d191e8369ec","Name":"湿砂机械造型（覆膜砂砂芯）"},{"Id":"62b3b95b00406d191e8369ed","Name":"湿砂手工造型"},{"Id":"62b3b99b00406d191e8369ee","Name":"湿砂手工造型(覆膜砂砂芯)"},{"Id":"62b3bba66a1d4731c9677523","Name":"湿砂手工造型（树脂泥芯）"},{"Id":"62b3bbae6a1d4731c9677524","Name":"树脂砂"},{"Id":"62b3bd1d6a1d4731c9677527","Name":"消失模"},{"Id":"62c3edba250a544b2aad186d","Name":"无"}]}
2022-07-22T10:02:36.768+0800	INFO	Service/service.go:86	GetAllCraft	{"调用 Service": "GetAllCraft 处理请求"}
2022-07-22T10:02:36.803+0800	INFO	APIResponse/response.go:41	GetAllCraft success	{"调用 Service": "GetAllCraft success 处理请求", "处理返回值": [{"Id":"62b12dea3b72b55e4deb49c4","Name":"V法"},{"Id":"62b162f5d2350d3e494281b6","Name":"覆膜砂"},{"Id":"62b279a86d38630a961e617a","Name":"湿砂机械造型"},{"Id":"62b3b94600406d191e8369ec","Name":"湿砂机械造型（覆膜砂砂芯）"},{"Id":"62b3b95b00406d191e8369ed","Name":"湿砂手工造型"},{"Id":"62b3b99b00406d191e8369ee","Name":"湿砂手工造型(覆膜砂砂芯)"},{"Id":"62b3bba66a1d4731c9677523","Name":"湿砂手工造型（树脂泥芯）"},{"Id":"62b3bbae6a1d4731c9677524","Name":"树脂砂"},{"Id":"62b3bd1d6a1d4731c9677527","Name":"消失模"},{"Id":"62c3edba250a544b2aad186d","Name":"无"}]}
2022-07-22T10:02:38.407+0800	INFO	Service/service.go:86	GetAllCraft	{"调用 Service": "GetAllCraft 处理请求"}
2022-07-22T10:02:38.436+0800	INFO	APIResponse/response.go:41	GetAllCraft success	{"调用 Service": "GetAllCraft success 处理请求", "处理返回值": [{"Id":"62b12dea3b72b55e4deb49c4","Name":"V法"},{"Id":"62b162f5d2350d3e494281b6","Name":"覆膜砂"},{"Id":"62b279a86d38630a961e617a","Name":"湿砂机械造型"},{"Id":"62b3b94600406d191e8369ec","Name":"湿砂机械造型（覆膜砂砂芯）"},{"Id":"62b3b95b00406d191e8369ed","Name":"湿砂手工造型"},{"Id":"62b3b99b00406d191e8369ee","Name":"湿砂手工造型(覆膜砂砂芯)"},{"Id":"62b3bba66a1d4731c9677523","Name":"湿砂手工造型（树脂泥芯）"},{"Id":"62b3bbae6a1d4731c9677524","Name":"树脂砂"},{"Id":"62b3bd1d6a1d4731c9677527","Name":"消失模"},{"Id":"62c3edba250a544b2aad186d","Name":"无"}]}
2022-07-22T10:02:39.905+0800	INFO	Service/service.go:86	GetAllCraft	{"调用 Service": "GetAllCraft 处理请求"}
2022-07-22T10:02:39.936+0800	INFO	APIResponse/response.go:41	GetAllCraft success	{"调用 Service": "GetAllCraft success 处理请求", "处理返回值": [{"Id":"62b12dea3b72b55e4deb49c4","Name":"V法"},{"Id":"62b162f5d2350d3e494281b6","Name":"覆膜砂"},{"Id":"62b279a86d38630a961e617a","Name":"湿砂机械造型"},{"Id":"62b3b94600406d191e8369ec","Name":"湿砂机械造型（覆膜砂砂芯）"},{"Id":"62b3b95b00406d191e8369ed","Name":"湿砂手工造型"},{"Id":"62b3b99b00406d191e8369ee","Name":"湿砂手工造型(覆膜砂砂芯)"},{"Id":"62b3bba66a1d4731c9677523","Name":"湿砂手工造型（树脂泥芯）"},{"Id":"62b3bbae6a1d4731c9677524","Name":"树脂砂"},{"Id":"62b3bd1d6a1d4731c9677527","Name":"消失模"},{"Id":"62c3edba250a544b2aad186d","Name":"无"}]}
2022-07-22T10:03:34.504+0800	INFO	Service/service.go:86	GetAllCraft	{"调用 Service": "GetAllCraft 处理请求"}
2022-07-22T10:03:34.542+0800	INFO	APIResponse/response.go:41	GetAllCraft success	{"调用 Service": "GetAllCraft success 处理请求", "处理返回值": [{"Id":"62b12dea3b72b55e4deb49c4","Name":"V法"},{"Id":"62b162f5d2350d3e494281b6","Name":"覆膜砂"},{"Id":"62b279a86d38630a961e617a","Name":"湿砂机械造型"},{"Id":"62b3b94600406d191e8369ec","Name":"湿砂机械造型（覆膜砂砂芯）"},{"Id":"62b3b95b00406d191e8369ed","Name":"湿砂手工造型"},{"Id":"62b3b99b00406d191e8369ee","Name":"湿砂手工造型(覆膜砂砂芯)"},{"Id":"62b3bba66a1d4731c9677523","Name":"湿砂手工造型（树脂泥芯）"},{"Id":"62b3bbae6a1d4731c9677524","Name":"树脂砂"},{"Id":"62b3bd1d6a1d4731c9677527","Name":"消失模"},{"Id":"62c3edba250a544b2aad186d","Name":"无"}]}
2022-07-22T10:05:48.632+0800	INFO	mongodb/mdb.go:77	Connected to MongoDB!	{"MongoDB": "--------->connect"}
2022-07-22T10:05:48.724+0800	INFO	mysqldb/mysql.go:31	Mysql connect!	{"Mysql": "--------->connect"}
2022-07-22T10:05:49.006+0800	INFO	ACS/enforcer.go:30	casbin connect!	{"casbin": "--------->connect"}
2022-07-22T10:05:49.050+0800	INFO	redisdb/rds.go:48	Redis connect!	{"Redis": "--------->connect"}
2022-07-22T10:06:55.740+0800	INFO	mongodb/mdb.go:77	Connected to MongoDB!	{"MongoDB": "--------->connect"}
2022-07-22T10:06:55.819+0800	INFO	mysqldb/mysql.go:31	Mysql connect!	{"Mysql": "--------->connect"}
2022-07-22T10:06:56.155+0800	INFO	ACS/enforcer.go:30	casbin connect!	{"casbin": "--------->connect"}
2022-07-22T10:06:56.198+0800	INFO	redisdb/rds.go:48	Redis connect!	{"Redis": "--------->connect"}
2022-07-22T10:08:19.393+0800	INFO	mongodb/mdb.go:77	Connected to MongoDB!	{"MongoDB": "--------->connect"}
2022-07-22T10:08:19.478+0800	INFO	mysqldb/mysql.go:31	Mysql connect!	{"Mysql": "--------->connect"}
2022-07-22T10:08:19.737+0800	INFO	ACS/enforcer.go:30	casbin connect!	{"casbin": "--------->connect"}
2022-07-22T10:08:19.781+0800	INFO	redisdb/rds.go:48	Redis connect!	{"Redis": "--------->connect"}
2022-07-22T10:08:23.007+0800	INFO	APIResponse/response.go:31	用户没有权限	{"调用 Service": "用户没有权限 处理出错", "返回错误": ""}
2022-07-22T10:08:23.007+0800	INFO	middleware/loggerMidd.go:30	/weight/craft	{"statusxixixixi": 403, "method": "GET", "path": "/weight/craft", "query": "", "ip": "10.10.181.111", "user-agent": "PostmanRuntime/7.28.4", "errors": "", "cost": "42.411792ms"}
2022-07-22T10:09:00.173+0800	INFO	Service/service.go:86	GetAllCraft	{"调用 Service": "GetAllCraft 处理请求"}
2022-07-22T10:09:00.212+0800	INFO	APIResponse/response.go:41	GetAllCraft success	{"调用 Service": "GetAllCraft success 处理请求", "处理返回值": [{"Id":"62b12dea3b72b55e4deb49c4","Name":"V法"},{"Id":"62b162f5d2350d3e494281b6","Name":"覆膜砂"},{"Id":"62b279a86d38630a961e617a","Name":"湿砂机械造型"},{"Id":"62b3b94600406d191e8369ec","Name":"湿砂机械造型（覆膜砂砂芯）"},{"Id":"62b3b95b00406d191e8369ed","Name":"湿砂手工造型"},{"Id":"62b3b99b00406d191e8369ee","Name":"湿砂手工造型(覆膜砂砂芯)"},{"Id":"62b3bba66a1d4731c9677523","Name":"湿砂手工造型（树脂泥芯）"},{"Id":"62b3bbae6a1d4731c9677524","Name":"树脂砂"},{"Id":"62b3bd1d6a1d4731c9677527","Name":"消失模"},{"Id":"62c3edba250a544b2aad186d","Name":"无"}]}
2022-07-22T10:09:00.213+0800	INFO	APIResponse/response.go:31	用户没有权限	{"调用 Service": "用户没有权限 处理出错", "返回错误": ""}
2022-07-22T10:09:00.213+0800	INFO	middleware/loggerMidd.go:30	/weight/craft	{"statusxixixixi": 403, "method": "GET", "path": "/weight/craft", "query": "", "ip": "10.10.181.111", "user-agent": "PostmanRuntime/7.28.4", "errors": "", "cost": "84.645375ms"}
2022-07-22T10:09:08.140+0800	INFO	Service/service.go:86	GetAllCraft	{"调用 Service": "GetAllCraft 处理请求"}
2022-07-22T10:09:08.180+0800	INFO	APIResponse/response.go:41	GetAllCraft success	{"调用 Service": "GetAllCraft success 处理请求", "处理返回值": [{"Id":"62b12dea3b72b55e4deb49c4","Name":"V法"},{"Id":"62b162f5d2350d3e494281b6","Name":"覆膜砂"},{"Id":"62b279a86d38630a961e617a","Name":"湿砂机械造型"},{"Id":"62b3b94600406d191e8369ec","Name":"湿砂机械造型（覆膜砂砂芯）"},{"Id":"62b3b95b00406d191e8369ed","Name":"湿砂手工造型"},{"Id":"62b3b99b00406d191e8369ee","Name":"湿砂手工造型(覆膜砂砂芯)"},{"Id":"62b3bba66a1d4731c9677523","Name":"湿砂手工造型（树脂泥芯）"},{"Id":"62b3bbae6a1d4731c9677524","Name":"树脂砂"},{"Id":"62b3bd1d6a1d4731c9677527","Name":"消失模"},{"Id":"62c3edba250a544b2aad186d","Name":"无"}]}
2022-07-22T10:09:08.180+0800	INFO	APIResponse/response.go:31	用户没有权限	{"调用 Service": "用户没有权限 处理出错", "返回错误": ""}
2022-07-22T10:09:08.180+0800	INFO	middleware/loggerMidd.go:30	/weight/craft	{"statusxixixixi": 403, "method": "GET", "path": "/weight/craft", "query": "", "ip": "10.10.181.111", "user-agent": "PostmanRuntime/7.28.4", "errors": "", "cost": "94.283209ms"}
2022-07-22T10:09:09.146+0800	INFO	Service/service.go:86	GetAllCraft	{"调用 Service": "GetAllCraft 处理请求"}
2022-07-22T10:09:09.175+0800	INFO	APIResponse/response.go:41	GetAllCraft success	{"调用 Service": "GetAllCraft success 处理请求", "处理返回值": [{"Id":"62b12dea3b72b55e4deb49c4","Name":"V法"},{"Id":"62b162f5d2350d3e494281b6","Name":"覆膜砂"},{"Id":"62b279a86d38630a961e617a","Name":"湿砂机械造型"},{"Id":"62b3b94600406d191e8369ec","Name":"湿砂机械造型（覆膜砂砂芯）"},{"Id":"62b3b95b00406d191e8369ed","Name":"湿砂手工造型"},{"Id":"62b3b99b00406d191e8369ee","Name":"湿砂手工造型(覆膜砂砂芯)"},{"Id":"62b3bba66a1d4731c9677523","Name":"湿砂手工造型（树脂泥芯）"},{"Id":"62b3bbae6a1d4731c9677524","Name":"树脂砂"},{"Id":"62b3bd1d6a1d4731c9677527","Name":"消失模"},{"Id":"62c3edba250a544b2aad186d","Name":"无"}]}
2022-07-22T10:09:09.175+0800	INFO	APIResponse/response.go:31	用户没有权限	{"调用 Service": "用户没有权限 处理出错", "返回错误": ""}
2022-07-22T10:09:09.175+0800	INFO	middleware/loggerMidd.go:30	/weight/craft	{"statusxixixixi": 403, "method": "GET", "path": "/weight/craft", "query": "", "ip": "10.10.181.111", "user-agent": "PostmanRuntime/7.28.4", "errors": "", "cost": "55.837292ms"}
2022-07-22T10:09:10.016+0800	INFO	Service/service.go:86	GetAllCraft	{"调用 Service": "GetAllCraft 处理请求"}
2022-07-22T10:09:10.053+0800	INFO	APIResponse/response.go:41	GetAllCraft success	{"调用 Service": "GetAllCraft success 处理请求", "处理返回值": [{"Id":"62b12dea3b72b55e4deb49c4","Name":"V法"},{"Id":"62b162f5d2350d3e494281b6","Name":"覆膜砂"},{"Id":"62b279a86d38630a961e617a","Name":"湿砂机械造型"},{"Id":"62b3b94600406d191e8369ec","Name":"湿砂机械造型（覆膜砂砂芯）"},{"Id":"62b3b95b00406d191e8369ed","Name":"湿砂手工造型"},{"Id":"62b3b99b00406d191e8369ee","Name":"湿砂手工造型(覆膜砂砂芯)"},{"Id":"62b3bba66a1d4731c9677523","Name":"湿砂手工造型（树脂泥芯）"},{"Id":"62b3bbae6a1d4731c9677524","Name":"树脂砂"},{"Id":"62b3bd1d6a1d4731c9677527","Name":"消失模"},{"Id":"62c3edba250a544b2aad186d","Name":"无"}]}
2022-07-22T10:09:10.054+0800	INFO	APIResponse/response.go:31	用户没有权限	{"调用 Service": "用户没有权限 处理出错", "返回错误": ""}
2022-07-22T10:09:10.054+0800	INFO	middleware/loggerMidd.go:30	/weight/craft	{"statusxixixixi": 403, "method": "GET", "path": "/weight/craft", "query": "", "ip": "10.10.181.111", "user-agent": "PostmanRuntime/7.28.4", "errors": "", "cost": "84.175042ms"}
2022-07-22T10:09:10.900+0800	INFO	Service/service.go:86	GetAllCraft	{"调用 Service": "GetAllCraft 处理请求"}
2022-07-22T10:09:10.929+0800	INFO	APIResponse/response.go:41	GetAllCraft success	{"调用 Service": "GetAllCraft success 处理请求", "处理返回值": [{"Id":"62b12dea3b72b55e4deb49c4","Name":"V法"},{"Id":"62b162f5d2350d3e494281b6","Name":"覆膜砂"},{"Id":"62b279a86d38630a961e617a","Name":"湿砂机械造型"},{"Id":"62b3b94600406d191e8369ec","Name":"湿砂机械造型（覆膜砂砂芯）"},{"Id":"62b3b95b00406d191e8369ed","Name":"湿砂手工造型"},{"Id":"62b3b99b00406d191e8369ee","Name":"湿砂手工造型(覆膜砂砂芯)"},{"Id":"62b3bba66a1d4731c9677523","Name":"湿砂手工造型（树脂泥芯）"},{"Id":"62b3bbae6a1d4731c9677524","Name":"树脂砂"},{"Id":"62b3bd1d6a1d4731c9677527","Name":"消失模"},{"Id":"62c3edba250a544b2aad186d","Name":"无"}]}
2022-07-22T10:09:10.929+0800	INFO	APIResponse/response.go:31	用户没有权限	{"调用 Service": "用户没有权限 处理出错", "返回错误": ""}
2022-07-22T10:09:10.929+0800	INFO	middleware/loggerMidd.go:30	/weight/craft	{"statusxixixixi": 403, "method": "GET", "path": "/weight/craft", "query": "", "ip": "10.10.181.111", "user-agent": "PostmanRuntime/7.28.4", "errors": "", "cost": "59.706541ms"}
2022-07-22T10:09:11.638+0800	INFO	Service/service.go:86	GetAllCraft	{"调用 Service": "GetAllCraft 处理请求"}
2022-07-22T10:09:11.661+0800	INFO	APIResponse/response.go:41	GetAllCraft success	{"调用 Service": "GetAllCraft success 处理请求", "处理返回值": [{"Id":"62b12dea3b72b55e4deb49c4","Name":"V法"},{"Id":"62b162f5d2350d3e494281b6","Name":"覆膜砂"},{"Id":"62b279a86d38630a961e617a","Name":"湿砂机械造型"},{"Id":"62b3b94600406d191e8369ec","Name":"湿砂机械造型（覆膜砂砂芯）"},{"Id":"62b3b95b00406d191e8369ed","Name":"湿砂手工造型"},{"Id":"62b3b99b00406d191e8369ee","Name":"湿砂手工造型(覆膜砂砂芯)"},{"Id":"62b3bba66a1d4731c9677523","Name":"湿砂手工造型（树脂泥芯）"},{"Id":"62b3bbae6a1d4731c9677524","Name":"树脂砂"},{"Id":"62b3bd1d6a1d4731c9677527","Name":"消失模"},{"Id":"62c3edba250a544b2aad186d","Name":"无"}]}
2022-07-22T10:09:11.661+0800	INFO	APIResponse/response.go:31	用户没有权限	{"调用 Service": "用户没有权限 处理出错", "返回错误": ""}
2022-07-22T10:09:11.661+0800	INFO	middleware/loggerMidd.go:30	/weight/craft	{"statusxixixixi": 403, "method": "GET", "path": "/weight/craft", "query": "", "ip": "10.10.181.111", "user-agent": "PostmanRuntime/7.28.4", "errors": "", "cost": "59.444875ms"}
2022-07-22T10:14:00.044+0800	INFO	mongodb/mdb.go:77	Connected to MongoDB!	{"MongoDB": "--------->connect"}
2022-07-22T10:14:00.124+0800	INFO	mysqldb/mysql.go:31	Mysql connect!	{"Mysql": "--------->connect"}
2022-07-22T10:14:00.364+0800	INFO	ACS/enforcer.go:30	casbin connect!	{"casbin": "--------->connect"}
2022-07-22T10:14:00.407+0800	INFO	redisdb/rds.go:48	Redis connect!	{"Redis": "--------->connect"}
2022-07-22T10:14:03.061+0800	INFO	mysqldb/mysql.go:31	Mysql connect!	{"Mysql": "--------->connect"}
2022-07-22T10:14:03.318+0800	INFO	ACS/enforcer.go:30	casbin connect!	{"casbin": "--------->connect"}
2022-07-22T10:16:35.895+0800	INFO	APIResponse/response.go:41	用户权限列表	{"调用 Service": "用户权限列表 处理请求", "处理返回值": {"user":["/user/hello GET","/user/add_user POST"],"weight":["/weight/craft GET","/weight/craft POST","/weight/craft/* DELETE","/weight/craft/* PUT","/weight/process GET","/weight/process POST","/weight/process/* DELETE","/weight/process/* PUT","/weight/texture GET","/weight/texture POST","/weight/texture/* DELETE","/weight/texture/* PUT","/weight/purchase_status GET","/weight/purchase_status POST","/weight/purchase_status/* DELETE","/weight/purchase_status/* PUT","/weight/weigh_multi_condition_search POST","/weight/cal_multi_condition_search POST"]}}
2022-07-22T13:42:53.895+0800	INFO	mongodb/mdb.go:77	Connected to MongoDB!	{"MongoDB": "--------->connect"}
2022-07-22T13:42:53.980+0800	INFO	mysqldb/mysql.go:31	Mysql connect!	{"Mysql": "--------->connect"}
2022-07-22T13:42:54.218+0800	INFO	ACS/enforcer.go:30	casbin connect!	{"casbin": "--------->connect"}
2022-07-22T13:42:54.255+0800	INFO	redisdb/rds.go:48	Redis connect!	{"Redis": "--------->connect"}
