2022-07-16T09:19:07.817+0800	INFO	mongodb/mdb.go:77	Connected to MongoDB!	{"MongoDB": "--------->connect"}
2022-07-16T09:19:08.157+0800	INFO	redisdb/rds.go:48	Redis connect!	{"Redis": "--------->connect"}
2022-07-16T09:19:40.177+0800	INFO	Service/service.go:126	DeleteCraftWithId	{"调用 Service": "DeleteCraftWithId 处理请求"}
2022-07-16T09:19:40.215+0800	INFO	APIResponse/response.go:41	DeleteCraftWithId success	{"调用 Service": "DeleteCraftWithId success 处理请求", "处理返回值": "工艺已删除：1"}
2022-07-16T09:37:22.030+0800	INFO	mongodb/mdb.go:77	Connected to MongoDB!	{"MongoDB": "--------->connect"}
2022-07-16T09:37:22.406+0800	INFO	redisdb/rds.go:48	Redis connect!	{"Redis": "--------->connect"}
2022-07-16T09:38:48.597+0800	INFO	APIResponse/response.go:41	add Policy success	{"调用 Service": "add Policy success 处理请求", "处理返回值": ""}
2022-07-16T09:39:15.887+0800	INFO	APIResponse/response.go:41	add Policy success	{"调用 Service": "add Policy success 处理请求", "处理返回值": ""}
2022-07-16T09:39:43.983+0800	INFO	APIResponse/response.go:41	add Policy success	{"调用 Service": "add Policy success 处理请求", "处理返回值": ""}
2022-07-16T09:40:24.868+0800	INFO	Service/service.go:51	GetAllCraft	{"调用 Service": "GetAllCraft 处理请求"}
2022-07-16T09:40:24.905+0800	INFO	APIResponse/response.go:41	GetAllCraft success	{"调用 Service": "GetAllCraft success 处理请求", "处理返回值": [{"Id":"62b12dea3b72b55e4deb49c4","Name":"V法"},{"Id":"62b162f5d2350d3e494281b6","Name":"覆膜砂"},{"Id":"62b279a86d38630a961e617a","Name":"湿砂机械造型"},{"Id":"62b3b94600406d191e8369ec","Name":"湿砂机械造型（覆膜砂砂芯）"},{"Id":"62b3b95b00406d191e8369ed","Name":"湿砂手工造型"},{"Id":"62b3b99b00406d191e8369ee","Name":"湿砂手工造型(覆膜砂砂芯)"},{"Id":"62b3bba66a1d4731c9677523","Name":"湿砂手工造型（树脂泥芯）"},{"Id":"62b3bbae6a1d4731c9677524","Name":"树脂砂"},{"Id":"62b3bd1d6a1d4731c9677527","Name":"消失模"},{"Id":"62c3edba250a544b2aad186d","Name":"无"}]}
2022-07-16T09:42:00.886+0800	INFO	mongodb/mdb.go:77	Connected to MongoDB!	{"MongoDB": "--------->connect"}
2022-07-16T09:42:01.219+0800	INFO	redisdb/rds.go:48	Redis connect!	{"Redis": "--------->connect"}
2022-07-16T09:43:18.582+0800	INFO	mongodb/mdb.go:77	Connected to MongoDB!	{"MongoDB": "--------->connect"}
2022-07-16T09:43:19.147+0800	INFO	redisdb/rds.go:48	Redis connect!	{"Redis": "--------->connect"}
2022-07-16T09:43:50.615+0800	INFO	Service/service.go:51	GetAllCraft	{"调用 Service": "GetAllCraft 处理请求"}
2022-07-16T09:43:50.638+0800	INFO	APIResponse/response.go:41	GetAllCraft success	{"调用 Service": "GetAllCraft success 处理请求", "处理返回值": [{"Id":"62b12dea3b72b55e4deb49c4","Name":"V法"},{"Id":"62b162f5d2350d3e494281b6","Name":"覆膜砂"},{"Id":"62b279a86d38630a961e617a","Name":"湿砂机械造型"},{"Id":"62b3b94600406d191e8369ec","Name":"湿砂机械造型（覆膜砂砂芯）"},{"Id":"62b3b95b00406d191e8369ed","Name":"湿砂手工造型"},{"Id":"62b3b99b00406d191e8369ee","Name":"湿砂手工造型(覆膜砂砂芯)"},{"Id":"62b3bba66a1d4731c9677523","Name":"湿砂手工造型（树脂泥芯）"},{"Id":"62b3bbae6a1d4731c9677524","Name":"树脂砂"},{"Id":"62b3bd1d6a1d4731c9677527","Name":"消失模"},{"Id":"62c3edba250a544b2aad186d","Name":"无"}]}
2022-07-16T09:46:20.264+0800	INFO	APIResponse/response.go:41	add Policy success	{"调用 Service": "add Policy success 处理请求", "处理返回值": ""}
2022-07-16T09:46:30.041+0800	INFO	mongodb/mdb.go:77	Connected to MongoDB!	{"MongoDB": "--------->connect"}
2022-07-16T09:46:30.352+0800	INFO	redisdb/rds.go:48	Redis connect!	{"Redis": "--------->connect"}
2022-07-16T09:46:36.310+0800	INFO	Service/service.go:51	GetAllCraft	{"调用 Service": "GetAllCraft 处理请求"}
2022-07-16T09:46:36.341+0800	INFO	APIResponse/response.go:41	GetAllCraft success	{"调用 Service": "GetAllCraft success 处理请求", "处理返回值": [{"Id":"62b12dea3b72b55e4deb49c4","Name":"V法"},{"Id":"62b162f5d2350d3e494281b6","Name":"覆膜砂"},{"Id":"62b279a86d38630a961e617a","Name":"湿砂机械造型"},{"Id":"62b3b94600406d191e8369ec","Name":"湿砂机械造型（覆膜砂砂芯）"},{"Id":"62b3b95b00406d191e8369ed","Name":"湿砂手工造型"},{"Id":"62b3b99b00406d191e8369ee","Name":"湿砂手工造型(覆膜砂砂芯)"},{"Id":"62b3bba66a1d4731c9677523","Name":"湿砂手工造型（树脂泥芯）"},{"Id":"62b3bbae6a1d4731c9677524","Name":"树脂砂"},{"Id":"62b3bd1d6a1d4731c9677527","Name":"消失模"},{"Id":"62c3edba250a544b2aad186d","Name":"无"}]}
2022-07-16T09:46:44.894+0800	INFO	APIResponse/response.go:41	add Policy success	{"调用 Service": "add Policy success 处理请求", "处理返回值": ""}
2022-07-16T09:54:22.423+0800	INFO	mongodb/mdb.go:77	Connected to MongoDB!	{"MongoDB": "--------->connect"}
2022-07-16T09:54:22.776+0800	INFO	redisdb/rds.go:48	Redis connect!	{"Redis": "--------->connect"}
2022-07-16T09:54:29.282+0800	INFO	Service/service.go:396	GetAllTexture	{"调用 Service": "GetAllTexture 处理请求"}
2022-07-16T09:54:29.313+0800	INFO	APIResponse/response.go:41	GetAllTexture success	{"调用 Service": "GetAllTexture success 处理请求", "处理返回值": [{"Id":"62b40b167c3f000042001958","Name":"HT200"},{"Id":"62b40b167c3f000042001959","Name":"HT250"},{"Id":"62b40b167c3f00004200195a","Name":"HT400"},{"Id":"62b40b167c3f00004200195b","Name":"HT450"},{"Id":"62b40b167c3f00004200195c","Name":"HT500"},{"Id":"62b40b167c3f00004200195d","Name":"HT550"},{"Id":"62b40b167c3f00004200195e","Name":"QT400"},{"Id":"62b40b167c3f00004200195f","Name":"QT450"},{"Id":"62b40b167c3f000042001960","Name":"QT500"},{"Id":"62b40b167c3f000042001961","Name":"Q235"},{"Id":"62b40b167c3f000042001962","Name":"17Cr2Ni2Mo"},{"Id":"62b40b167c3f000042001963","Name":"17CrNiMo6"},{"Id":"62b40b167c3f000042001964","Name":"18CrNiMo7-6"},{"Id":"62b40b167c3f000042001965","Name":"20CrMnMo"},{"Id":"62b40b167c3f000042001966","Name":"20CrMnTi"},{"Id":"62b40b167c3f000042001967","Name":"20CrMnTiH"},{"Id":"62b40b167c3f000042001968","Name":"20CrNi2Mo"},{"Id":"62b40b167c3f000042001969","Name":"20CrNi2MoA"},{"Id":"62b40b167c3f00004200196a","Name":"35CrMo"},{"Id":"62b40b167c3f00004200196b","Name":"38CrMoAl"},{"Id":"62b40b167c3f00004200196c","Name":"38CrMoAlA"},{"Id":"62b40b167c3f00004200196d","Name":"40Cr"},{"Id":"62b40b167c3f00004200196e","Name":"40CrNiMoA"},{"Id":"62b40b167c3f00004200196f","Name":"42CrMo"},{"Id":"62b40b167c3f000042001970","Name":"42CrMoA"},{"Id":"62b40b167c3f000042001971","Name":"45#"},{"Id":"62b40b167c3f000042001972","Name":"GCR15"},{"Id":"62b40b167c3f000042001973","Name":"Q235A"},{"Id":"62b40b167c3f000042001974","Name":"A3"}]}
2022-07-16T09:55:33.281+0800	INFO	APIResponse/response.go:41	add Policy success	{"调用 Service": "add Policy success 处理请求", "处理返回值": ""}
2022-07-16T09:56:25.731+0800	INFO	APIResponse/response.go:41	add Policy success	{"调用 Service": "add Policy success 处理请求", "处理返回值": ""}
2022-07-16T09:56:56.247+0800	INFO	mongodb/mdb.go:77	Connected to MongoDB!	{"MongoDB": "--------->connect"}
2022-07-16T09:56:56.576+0800	INFO	redisdb/rds.go:48	Redis connect!	{"Redis": "--------->connect"}
2022-07-16T09:57:40.802+0800	INFO	Service/service.go:51	GetAllCraft	{"调用 Service": "GetAllCraft 处理请求"}
2022-07-16T09:57:40.839+0800	INFO	APIResponse/response.go:41	GetAllCraft success	{"调用 Service": "GetAllCraft success 处理请求", "处理返回值": [{"Id":"62b12dea3b72b55e4deb49c4","Name":"V法"},{"Id":"62b162f5d2350d3e494281b6","Name":"覆膜砂"},{"Id":"62b279a86d38630a961e617a","Name":"湿砂机械造型"},{"Id":"62b3b94600406d191e8369ec","Name":"湿砂机械造型（覆膜砂砂芯）"},{"Id":"62b3b95b00406d191e8369ed","Name":"湿砂手工造型"},{"Id":"62b3b99b00406d191e8369ee","Name":"湿砂手工造型(覆膜砂砂芯)"},{"Id":"62b3bba66a1d4731c9677523","Name":"湿砂手工造型（树脂泥芯）"},{"Id":"62b3bbae6a1d4731c9677524","Name":"树脂砂"},{"Id":"62b3bd1d6a1d4731c9677527","Name":"消失模"},{"Id":"62c3edba250a544b2aad186d","Name":"无"}]}
2022-07-16T09:57:45.797+0800	INFO	Service/service.go:396	GetAllTexture	{"调用 Service": "GetAllTexture 处理请求"}
2022-07-16T09:57:45.810+0800	INFO	APIResponse/response.go:41	GetAllTexture success	{"调用 Service": "GetAllTexture success 处理请求", "处理返回值": [{"Id":"62b40b167c3f000042001958","Name":"HT200"},{"Id":"62b40b167c3f000042001959","Name":"HT250"},{"Id":"62b40b167c3f00004200195a","Name":"HT400"},{"Id":"62b40b167c3f00004200195b","Name":"HT450"},{"Id":"62b40b167c3f00004200195c","Name":"HT500"},{"Id":"62b40b167c3f00004200195d","Name":"HT550"},{"Id":"62b40b167c3f00004200195e","Name":"QT400"},{"Id":"62b40b167c3f00004200195f","Name":"QT450"},{"Id":"62b40b167c3f000042001960","Name":"QT500"},{"Id":"62b40b167c3f000042001961","Name":"Q235"},{"Id":"62b40b167c3f000042001962","Name":"17Cr2Ni2Mo"},{"Id":"62b40b167c3f000042001963","Name":"17CrNiMo6"},{"Id":"62b40b167c3f000042001964","Name":"18CrNiMo7-6"},{"Id":"62b40b167c3f000042001965","Name":"20CrMnMo"},{"Id":"62b40b167c3f000042001966","Name":"20CrMnTi"},{"Id":"62b40b167c3f000042001967","Name":"20CrMnTiH"},{"Id":"62b40b167c3f000042001968","Name":"20CrNi2Mo"},{"Id":"62b40b167c3f000042001969","Name":"20CrNi2MoA"},{"Id":"62b40b167c3f00004200196a","Name":"35CrMo"},{"Id":"62b40b167c3f00004200196b","Name":"38CrMoAl"},{"Id":"62b40b167c3f00004200196c","Name":"38CrMoAlA"},{"Id":"62b40b167c3f00004200196d","Name":"40Cr"},{"Id":"62b40b167c3f00004200196e","Name":"40CrNiMoA"},{"Id":"62b40b167c3f00004200196f","Name":"42CrMo"},{"Id":"62b40b167c3f000042001970","Name":"42CrMoA"},{"Id":"62b40b167c3f000042001971","Name":"45#"},{"Id":"62b40b167c3f000042001972","Name":"GCR15"},{"Id":"62b40b167c3f000042001973","Name":"Q235A"},{"Id":"62b40b167c3f000042001974","Name":"A3"}]}
2022-07-16T09:59:05.031+0800	INFO	APIResponse/response.go:41	add Policy success	{"调用 Service": "add Policy success 处理请求", "处理返回值": ""}
2022-07-16T10:08:06.670+0800	INFO	mongodb/mdb.go:77	Connected to MongoDB!	{"MongoDB": "--------->connect"}
2022-07-16T10:08:07.028+0800	INFO	redisdb/rds.go:48	Redis connect!	{"Redis": "--------->connect"}
2022-07-16T10:08:16.469+0800	INFO	Service/service.go:223	GetAllProcess	{"调用 Service": "GetAllProcess 处理请求"}
2022-07-16T10:08:16.504+0800	INFO	APIResponse/response.go:41	GetAllProcess success	{"调用 Service": "GetAllProcess success 处理请求", "处理返回值": [{"Id":"62b4006c89e6e79edf417f4b","Name":"粗车+带油泵孔"},{"Id":"62b4007889e6e79edf417f4c","Name":"粗车"},{"Id":"62b4007e89e6e79edf417f4d","Name":"精车"},{"Id":"62b40af27c3f000042001953","Name":"粗车、车减轻槽、钻吊装孔"},{"Id":"62b40af27c3f000042001954","Name":"磨齿"},{"Id":"62c3ee52250a544b2aad1871","Name":"无"}]}
2022-07-16T10:09:29.984+0800	INFO	Service/service.go:570	GetAllPurchaseStatus	{"调用 Service": "GetAllPurchaseStatus 处理请求"}
2022-07-16T10:09:30.009+0800	INFO	APIResponse/response.go:41	GetAllPurchaseStatus success	{"调用 Service": "GetAllPurchaseStatus success 处理请求", "处理返回值": [{"Id":"62b40aff7c3f000042001955","Name":"成品"},{"Id":"62b40aff7c3f000042001956","Name":"毛坯"},{"Id":"62b40aff7c3f000042001957","Name":"毛坯+粗车"}]}
2022-07-16T10:18:26.443+0800	INFO	APIResponse/response.go:41	add Policy success	{"调用 Service": "add Policy success 处理请求", "处理返回值": ""}
2022-07-16T10:24:43.602+0800	INFO	mongodb/mdb.go:77	Connected to MongoDB!	{"MongoDB": "--------->connect"}
2022-07-16T10:24:43.942+0800	INFO	redisdb/rds.go:48	Redis connect!	{"Redis": "--------->connect"}
2022-07-16T10:24:52.677+0800	INFO	Auth/auth.go:95	No permission found
2022-07-16T10:24:52.677+0800	INFO	Service/service.go:432	AddTexture	{"调用 Service": "AddTexture 处理请求"}
2022-07-16T10:24:52.710+0800	INFO	APIResponse/response.go:41	AddTexture success	{"调用 Service": "AddTexture success 处理请求", "处理返回值": "ObjectID(\"62d22174f126d4e10cf1b8cd\")"}
2022-07-16T10:25:35.764+0800	INFO	Auth/auth.go:95	No permission found
2022-07-16T10:25:35.765+0800	INFO	Service/service.go:432	AddTexture	{"调用 Service": "AddTexture 处理请求"}
2022-07-16T10:25:35.778+0800	INFO	APIResponse/response.go:31	AddTexture 材质已存在	{"调用 Service": "AddTexture 材质已存在 处理出错", "返回错误": "材质已存在：test123"}
2022-07-16T10:25:58.521+0800	INFO	mongodb/mdb.go:77	Connected to MongoDB!	{"MongoDB": "--------->connect"}
2022-07-16T10:25:58.852+0800	INFO	redisdb/rds.go:48	Redis connect!	{"Redis": "--------->connect"}
2022-07-16T10:26:03.438+0800	INFO	Auth/auth.go:95	No permission found
2022-07-16T10:27:14.910+0800	INFO	APIResponse/response.go:41	add Policy success	{"调用 Service": "add Policy success 处理请求", "处理返回值": ""}
2022-07-16T10:27:44.198+0800	INFO	Auth/auth.go:95	No permission found
2022-07-16T10:28:41.365+0800	INFO	Auth/auth.go:95	No permission found
2022-07-16T10:30:07.246+0800	INFO	Auth/auth.go:95	No permission found
2022-07-16T10:32:27.522+0800	INFO	Auth/auth.go:95	No permission found
2022-07-16T10:32:40.257+0800	INFO	mongodb/mdb.go:77	Connected to MongoDB!	{"MongoDB": "--------->connect"}
2022-07-16T10:32:40.653+0800	INFO	redisdb/rds.go:48	Redis connect!	{"Redis": "--------->connect"}
2022-07-16T10:32:48.023+0800	INFO	Auth/auth.go:95	No permission found
2022-07-16T10:34:32.984+0800	INFO	Auth/auth.go:95	No permission found
2022-07-16T10:34:50.994+0800	INFO	Auth/auth.go:95	No permission found
2022-07-16T10:36:38.618+0800	INFO	Auth/auth.go:95	No permission found
2022-07-16T10:41:57.875+0800	INFO	Auth/auth.go:29	UserAuthCallback	{"UserAuthCallback user_name": "--------->admin"}
2022-07-16T10:41:58.015+0800	INFO	Auth/auth.go:52	UserAuthCallback success	{"UserAuthCallback user_name success": "--------->admin"}
2022-07-16T10:42:14.019+0800	INFO	Auth/auth.go:95	No permission found
2022-07-16T10:42:36.292+0800	INFO	APIResponse/response.go:41	add Policy success	{"调用 Service": "add Policy success 处理请求", "处理返回值": ""}
2022-07-16T10:42:50.282+0800	INFO	Auth/auth.go:95	No permission found
2022-07-16T10:42:51.703+0800	INFO	Auth/auth.go:95	No permission found
2022-07-16T10:42:52.436+0800	INFO	Auth/auth.go:95	No permission found
2022-07-16T10:42:53.719+0800	INFO	Auth/auth.go:95	No permission found
2022-07-16T10:43:14.963+0800	INFO	Auth/auth.go:95	No permission found
2022-07-16T10:45:01.553+0800	INFO	Auth/auth.go:95	No permission found
2022-07-16T10:55:58.347+0800	INFO	mongodb/mdb.go:77	Connected to MongoDB!	{"MongoDB": "--------->connect"}
2022-07-16T10:55:58.503+0800	INFO	redisdb/rds.go:48	Redis connect!	{"Redis": "--------->connect"}
2022-07-16T10:56:08.925+0800	INFO	APIResponse/response.go:41	add Policy success	{"调用 Service": "add Policy success 处理请求", "处理返回值": ""}
2022-07-16T10:56:15.896+0800	INFO	service/service.go:23	this is hello func	{"test": "test--------->"}
2022-07-16T10:56:53.942+0800	INFO	APIResponse/response.go:41	add Policy success	{"调用 Service": "add Policy success 处理请求", "处理返回值": ""}
2022-07-16T10:57:59.570+0800	INFO	APIResponse/response.go:41	add Policy success	{"调用 Service": "add Policy success 处理请求", "处理返回值": ""}
2022-07-16T11:03:12.432+0800	INFO	mongodb/mdb.go:77	Connected to MongoDB!	{"MongoDB": "--------->connect"}
2022-07-16T11:03:12.488+0800	INFO	redisdb/rds.go:48	Redis connect!	{"Redis": "--------->connect"}
2022-07-16T11:03:58.576+0800	INFO	Service/service.go:51	GetAllCraft	{"调用 Service": "GetAllCraft 处理请求"}
2022-07-16T11:03:58.604+0800	INFO	APIResponse/response.go:41	GetAllCraft success	{"调用 Service": "GetAllCraft success 处理请求", "处理返回值": [{"Id":"62b12dea3b72b55e4deb49c4","Name":"V法"},{"Id":"62b162f5d2350d3e494281b6","Name":"覆膜砂"},{"Id":"62b279a86d38630a961e617a","Name":"湿砂机械造型"},{"Id":"62b3b94600406d191e8369ec","Name":"湿砂机械造型（覆膜砂砂芯）"},{"Id":"62b3b95b00406d191e8369ed","Name":"湿砂手工造型"},{"Id":"62b3b99b00406d191e8369ee","Name":"湿砂手工造型(覆膜砂砂芯)"},{"Id":"62b3bba66a1d4731c9677523","Name":"湿砂手工造型（树脂泥芯）"},{"Id":"62b3bbae6a1d4731c9677524","Name":"树脂砂"},{"Id":"62b3bd1d6a1d4731c9677527","Name":"消失模"},{"Id":"62c3edba250a544b2aad186d","Name":"无"}]}
2022-07-16T11:05:35.616+0800	INFO	APIResponse/response.go:41	add Policy success	{"调用 Service": "add Policy success 处理请求", "处理返回值": ""}
2022-07-16T11:05:52.003+0800	INFO	Service/service.go:396	GetAllTexture	{"调用 Service": "GetAllTexture 处理请求"}
2022-07-16T11:05:52.028+0800	INFO	APIResponse/response.go:41	GetAllTexture success	{"调用 Service": "GetAllTexture success 处理请求", "处理返回值": [{"Id":"62b40b167c3f000042001958","Name":"HT200"},{"Id":"62b40b167c3f000042001959","Name":"HT250"},{"Id":"62b40b167c3f00004200195a","Name":"HT400"},{"Id":"62b40b167c3f00004200195b","Name":"HT450"},{"Id":"62b40b167c3f00004200195c","Name":"HT500"},{"Id":"62b40b167c3f00004200195d","Name":"HT550"},{"Id":"62b40b167c3f00004200195e","Name":"QT400"},{"Id":"62b40b167c3f00004200195f","Name":"QT450"},{"Id":"62b40b167c3f000042001960","Name":"QT500"},{"Id":"62b40b167c3f000042001961","Name":"Q235"},{"Id":"62b40b167c3f000042001962","Name":"17Cr2Ni2Mo"},{"Id":"62b40b167c3f000042001963","Name":"17CrNiMo6"},{"Id":"62b40b167c3f000042001964","Name":"18CrNiMo7-6"},{"Id":"62b40b167c3f000042001965","Name":"20CrMnMo"},{"Id":"62b40b167c3f000042001966","Name":"20CrMnTi"},{"Id":"62b40b167c3f000042001967","Name":"20CrMnTiH"},{"Id":"62b40b167c3f000042001968","Name":"20CrNi2Mo"},{"Id":"62b40b167c3f000042001969","Name":"20CrNi2MoA"},{"Id":"62b40b167c3f00004200196a","Name":"35CrMo"},{"Id":"62b40b167c3f00004200196b","Name":"38CrMoAl"},{"Id":"62b40b167c3f00004200196c","Name":"38CrMoAlA"},{"Id":"62b40b167c3f00004200196d","Name":"40Cr"},{"Id":"62b40b167c3f00004200196e","Name":"40CrNiMoA"},{"Id":"62b40b167c3f00004200196f","Name":"42CrMo"},{"Id":"62b40b167c3f000042001970","Name":"42CrMoA"},{"Id":"62b40b167c3f000042001971","Name":"45#"},{"Id":"62b40b167c3f000042001972","Name":"GCR15"},{"Id":"62b40b167c3f000042001973","Name":"Q235A"},{"Id":"62b40b167c3f000042001974","Name":"A3"},{"Id":"62d22174f126d4e10cf1b8cd","Name":"test123"}]}
2022-07-16T11:06:46.474+0800	INFO	APIResponse/response.go:41	add Policy success	{"调用 Service": "add Policy success 处理请求", "处理返回值": ""}
2022-07-16T11:06:58.134+0800	INFO	Service/service.go:223	GetAllProcess	{"调用 Service": "GetAllProcess 处理请求"}
2022-07-16T11:06:58.169+0800	INFO	APIResponse/response.go:41	GetAllProcess success	{"调用 Service": "GetAllProcess success 处理请求", "处理返回值": [{"Id":"62b4006c89e6e79edf417f4b","Name":"粗车+带油泵孔"},{"Id":"62b4007889e6e79edf417f4c","Name":"粗车"},{"Id":"62b4007e89e6e79edf417f4d","Name":"精车"},{"Id":"62b40af27c3f000042001953","Name":"粗车、车减轻槽、钻吊装孔"},{"Id":"62b40af27c3f000042001954","Name":"磨齿"},{"Id":"62c3ee52250a544b2aad1871","Name":"无"}]}
2022-07-16T11:09:41.009+0800	INFO	mongodb/mdb.go:77	Connected to MongoDB!	{"MongoDB": "--------->connect"}
2022-07-16T11:09:41.129+0800	INFO	redisdb/rds.go:48	Redis connect!	{"Redis": "--------->connect"}
2022-07-16T11:10:01.766+0800	INFO	APIResponse/response.go:41	add Policy success	{"调用 Service": "add Policy success 处理请求", "处理返回值": ""}
2022-07-16T11:10:17.373+0800	INFO	service/service.go:23	this is hello func	{"test": "test--------->"}
2022-07-16T11:10:32.137+0800	INFO	APIResponse/response.go:41	add Policy success	{"调用 Service": "add Policy success 处理请求", "处理返回值": ""}
2022-07-16T11:14:05.321+0800	INFO	mongodb/mdb.go:77	Connected to MongoDB!	{"MongoDB": "--------->connect"}
2022-07-16T11:14:05.467+0800	INFO	redisdb/rds.go:48	Redis connect!	{"Redis": "--------->connect"}
2022-07-16T11:15:05.862+0800	INFO	APIResponse/response.go:41	add Policy success	{"调用 Service": "add Policy success 处理请求", "处理返回值": ""}
2022-07-16T11:15:23.555+0800	INFO	service/service.go:23	this is hello func	{"test": "test--------->"}
2022-07-16T11:15:40.101+0800	INFO	APIResponse/response.go:41	add Policy success	{"调用 Service": "add Policy success 处理请求", "处理返回值": ""}
2022-07-16T11:16:36.616+0800	INFO	mongodb/mdb.go:77	Connected to MongoDB!	{"MongoDB": "--------->connect"}
2022-07-16T11:16:36.787+0800	INFO	redisdb/rds.go:48	Redis connect!	{"Redis": "--------->connect"}
2022-07-16T11:16:46.519+0800	INFO	Service/service.go:51	GetAllCraft	{"调用 Service": "GetAllCraft 处理请求"}
2022-07-16T11:16:46.567+0800	INFO	APIResponse/response.go:41	GetAllCraft success	{"调用 Service": "GetAllCraft success 处理请求", "处理返回值": [{"Id":"62b12dea3b72b55e4deb49c4","Name":"V法"},{"Id":"62b162f5d2350d3e494281b6","Name":"覆膜砂"},{"Id":"62b279a86d38630a961e617a","Name":"湿砂机械造型"},{"Id":"62b3b94600406d191e8369ec","Name":"湿砂机械造型（覆膜砂砂芯）"},{"Id":"62b3b95b00406d191e8369ed","Name":"湿砂手工造型"},{"Id":"62b3b99b00406d191e8369ee","Name":"湿砂手工造型(覆膜砂砂芯)"},{"Id":"62b3bba66a1d4731c9677523","Name":"湿砂手工造型（树脂泥芯）"},{"Id":"62b3bbae6a1d4731c9677524","Name":"树脂砂"},{"Id":"62b3bd1d6a1d4731c9677527","Name":"消失模"},{"Id":"62c3edba250a544b2aad186d","Name":"无"}]}
2022-07-16T11:17:20.051+0800	INFO	APIResponse/response.go:41	新增成功	{"调用 Service": "新增成功 处理请求", "处理返回值": 1}
2022-07-16T11:17:34.476+0800	INFO	APIResponse/response.go:41	add Policy success	{"调用 Service": "add Policy success 处理请求", "处理返回值": ""}
2022-07-16T11:21:44.580+0800	INFO	mongodb/mdb.go:77	Connected to MongoDB!	{"MongoDB": "--------->connect"}
2022-07-16T11:21:44.732+0800	INFO	redisdb/rds.go:48	Redis connect!	{"Redis": "--------->connect"}
2022-07-16T11:21:50.994+0800	INFO	Service/service.go:396	GetAllTexture	{"调用 Service": "GetAllTexture 处理请求"}
2022-07-16T11:21:51.047+0800	INFO	APIResponse/response.go:41	GetAllTexture success	{"调用 Service": "GetAllTexture success 处理请求", "处理返回值": [{"Id":"62b40b167c3f000042001958","Name":"HT200"},{"Id":"62b40b167c3f000042001959","Name":"HT250"},{"Id":"62b40b167c3f00004200195a","Name":"HT400"},{"Id":"62b40b167c3f00004200195b","Name":"HT450"},{"Id":"62b40b167c3f00004200195c","Name":"HT500"},{"Id":"62b40b167c3f00004200195d","Name":"HT550"},{"Id":"62b40b167c3f00004200195e","Name":"QT400"},{"Id":"62b40b167c3f00004200195f","Name":"QT450"},{"Id":"62b40b167c3f000042001960","Name":"QT500"},{"Id":"62b40b167c3f000042001961","Name":"Q235"},{"Id":"62b40b167c3f000042001962","Name":"17Cr2Ni2Mo"},{"Id":"62b40b167c3f000042001963","Name":"17CrNiMo6"},{"Id":"62b40b167c3f000042001964","Name":"18CrNiMo7-6"},{"Id":"62b40b167c3f000042001965","Name":"20CrMnMo"},{"Id":"62b40b167c3f000042001966","Name":"20CrMnTi"},{"Id":"62b40b167c3f000042001967","Name":"20CrMnTiH"},{"Id":"62b40b167c3f000042001968","Name":"20CrNi2Mo"},{"Id":"62b40b167c3f000042001969","Name":"20CrNi2MoA"},{"Id":"62b40b167c3f00004200196a","Name":"35CrMo"},{"Id":"62b40b167c3f00004200196b","Name":"38CrMoAl"},{"Id":"62b40b167c3f00004200196c","Name":"38CrMoAlA"},{"Id":"62b40b167c3f00004200196d","Name":"40Cr"},{"Id":"62b40b167c3f00004200196e","Name":"40CrNiMoA"},{"Id":"62b40b167c3f00004200196f","Name":"42CrMo"},{"Id":"62b40b167c3f000042001970","Name":"42CrMoA"},{"Id":"62b40b167c3f000042001971","Name":"45#"},{"Id":"62b40b167c3f000042001972","Name":"GCR15"},{"Id":"62b40b167c3f000042001973","Name":"Q235A"},{"Id":"62b40b167c3f000042001974","Name":"A3"},{"Id":"62d22174f126d4e10cf1b8cd","Name":"test123"}]}
2022-07-16T11:22:11.530+0800	INFO	APIResponse/response.go:41	add Policy success	{"调用 Service": "add Policy success 处理请求", "处理返回值": ""}
2022-07-16T12:08:18.456+0800	INFO	mongodb/mdb.go:77	Connected to MongoDB!	{"MongoDB": "--------->connect"}
2022-07-16T12:08:18.789+0800	INFO	redisdb/rds.go:48	Redis connect!	{"Redis": "--------->connect"}
2022-07-16T12:09:01.098+0800	INFO	APIResponse/response.go:41	add Policy success	{"调用 Service": "add Policy success 处理请求", "处理返回值": ""}
2022-07-16T12:09:45.521+0800	INFO	APIResponse/response.go:41	add Policy success	{"调用 Service": "add Policy success 处理请求", "处理返回值": ""}
2022-07-16T12:09:52.501+0800	INFO	service/service.go:23	this is hello func	{"test": "test--------->"}
2022-07-16T12:09:54.609+0800	INFO	service/service.go:23	this is hello func	{"test": "test--------->"}
2022-07-16T12:09:55.280+0800	INFO	service/service.go:23	this is hello func	{"test": "test--------->"}
2022-07-16T12:18:31.672+0800	INFO	service/service.go:23	this is hello func	{"test": "test--------->"}
2022-07-16T12:25:14.501+0800	INFO	mongodb/mdb.go:77	Connected to MongoDB!	{"MongoDB": "--------->connect"}
2022-07-16T12:25:14.629+0800	INFO	redisdb/rds.go:48	Redis connect!	{"Redis": "--------->connect"}
2022-07-16T12:25:18.170+0800	INFO	Service/service.go:224	GetAllProcess	{"调用 Service": "GetAllProcess 处理请求"}
2022-07-16T12:25:18.204+0800	INFO	APIResponse/response.go:41	GetAllProcess success	{"调用 Service": "GetAllProcess success 处理请求", "处理返回值": [{"Id":"62b4006c89e6e79edf417f4b","Name":"粗车+带油泵孔"},{"Id":"62b4007889e6e79edf417f4c","Name":"粗车"},{"Id":"62b4007e89e6e79edf417f4d","Name":"精车"},{"Id":"62b40af27c3f000042001953","Name":"粗车、车减轻槽、钻吊装孔"},{"Id":"62b40af27c3f000042001954","Name":"磨齿"},{"Id":"62c3ee52250a544b2aad1871","Name":"无"}]}
2022-07-16T13:10:26.541+0800	INFO	mongodb/mdb.go:77	Connected to MongoDB!	{"MongoDB": "--------->connect"}
2022-07-16T13:10:26.886+0800	INFO	redisdb/rds.go:48	Redis connect!	{"Redis": "--------->connect"}
2022-07-16T13:11:08.061+0800	INFO	APIResponse/response.go:41	add Policy success	{"调用 Service": "add Policy success 处理请求", "处理返回值": ""}
2022-07-16T13:11:39.939+0800	INFO	Service/service.go:52	GetAllCraft	{"调用 Service": "GetAllCraft 处理请求"}
2022-07-16T13:11:39.982+0800	INFO	APIResponse/response.go:41	GetAllCraft success	{"调用 Service": "GetAllCraft success 处理请求", "处理返回值": [{"Id":"62b12dea3b72b55e4deb49c4","Name":"V法"},{"Id":"62b162f5d2350d3e494281b6","Name":"覆膜砂"},{"Id":"62b279a86d38630a961e617a","Name":"湿砂机械造型"},{"Id":"62b3b94600406d191e8369ec","Name":"湿砂机械造型（覆膜砂砂芯）"},{"Id":"62b3b95b00406d191e8369ed","Name":"湿砂手工造型"},{"Id":"62b3b99b00406d191e8369ee","Name":"湿砂手工造型(覆膜砂砂芯)"},{"Id":"62b3bba66a1d4731c9677523","Name":"湿砂手工造型（树脂泥芯）"},{"Id":"62b3bbae6a1d4731c9677524","Name":"树脂砂"},{"Id":"62b3bd1d6a1d4731c9677527","Name":"消失模"},{"Id":"62c3edba250a544b2aad186d","Name":"无"}]}
2022-07-16T13:31:51.055+0800	INFO	APIResponse/response.go:41	add Policy success	{"调用 Service": "add Policy success 处理请求", "处理返回值": ""}
2022-07-16T14:29:34.853+0800	INFO	APIResponse/response.go:41	用户权限列表	{"调用 Service": "用户权限列表 处理请求", "处理返回值": {"user":["/user/hello GET","/user/permission GET"],"weight":["/weight/process GET","/weight/acs POST","/weight/craft GET"]}}
2022-07-16T14:33:37.059+0800	INFO	APIResponse/response.go:41	用户权限列表	{"调用 Service": "用户权限列表 处理请求", "处理返回值": {"user":["/user/hello GET","/user/permission GET"],"weight":["/weight/process GET","/weight/acs POST","/weight/craft GET"]}}
2022-07-16T15:16:38.090+0800	INFO	APIResponse/response.go:31	add Policy failed	{"调用 Service": "add Policy failed 处理出错", "返回错误": ""}
2022-07-16T15:16:38.091+0800	INFO	middleware/loggerMidd.go:30	/weight/acs	{"statusxixixixi": 400, "method": "POST", "path": "/weight/acs", "query": "", "ip": "10.10.12.61", "user-agent": "PostmanRuntime/7.26.8", "errors": "", "cost": "2.952917ms"}
2022-07-16T16:01:31.306+0800	INFO	mongodb/mdb.go:77	Connected to MongoDB!	{"MongoDB": "--------->connect"}
2022-07-16T16:01:31.453+0800	INFO	redisdb/rds.go:48	Redis connect!	{"Redis": "--------->connect"}
2022-07-16T16:01:54.664+0800	INFO	Service/service.go:52	GetAllCraft	{"调用 Service": "GetAllCraft 处理请求"}
2022-07-16T16:01:54.682+0800	INFO	APIResponse/response.go:41	GetAllCraft success	{"调用 Service": "GetAllCraft success 处理请求", "处理返回值": [{"Id":"62b12dea3b72b55e4deb49c4","Name":"V法"},{"Id":"62b162f5d2350d3e494281b6","Name":"覆膜砂"},{"Id":"62b279a86d38630a961e617a","Name":"湿砂机械造型"},{"Id":"62b3b94600406d191e8369ec","Name":"湿砂机械造型（覆膜砂砂芯）"},{"Id":"62b3b95b00406d191e8369ed","Name":"湿砂手工造型"},{"Id":"62b3b99b00406d191e8369ee","Name":"湿砂手工造型(覆膜砂砂芯)"},{"Id":"62b3bba66a1d4731c9677523","Name":"湿砂手工造型（树脂泥芯）"},{"Id":"62b3bbae6a1d4731c9677524","Name":"树脂砂"},{"Id":"62b3bd1d6a1d4731c9677527","Name":"消失模"},{"Id":"62c3edba250a544b2aad186d","Name":"无"}]}
2022-07-16T16:16:17.197+0800	INFO	mongodb/mdb.go:77	Connected to MongoDB!	{"MongoDB": "--------->connect"}
2022-07-16T16:16:17.545+0800	INFO	redisdb/rds.go:48	Redis connect!	{"Redis": "--------->connect"}
2022-07-16T16:16:50.928+0800	INFO	Service/service.go:52	GetAllCraft	{"调用 Service": "GetAllCraft 处理请求"}
2022-07-16T16:16:50.969+0800	INFO	APIResponse/response.go:41	GetAllCraft success	{"调用 Service": "GetAllCraft success 处理请求", "处理返回值": [{"Id":"62b12dea3b72b55e4deb49c4","Name":"V法"},{"Id":"62b162f5d2350d3e494281b6","Name":"覆膜砂"},{"Id":"62b279a86d38630a961e617a","Name":"湿砂机械造型"},{"Id":"62b3b94600406d191e8369ec","Name":"湿砂机械造型（覆膜砂砂芯）"},{"Id":"62b3b95b00406d191e8369ed","Name":"湿砂手工造型"},{"Id":"62b3b99b00406d191e8369ee","Name":"湿砂手工造型(覆膜砂砂芯)"},{"Id":"62b3bba66a1d4731c9677523","Name":"湿砂手工造型（树脂泥芯）"},{"Id":"62b3bbae6a1d4731c9677524","Name":"树脂砂"},{"Id":"62b3bd1d6a1d4731c9677527","Name":"消失模"},{"Id":"62c3edba250a544b2aad186d","Name":"无"}]}
2022-07-18T08:55:56.571+0800	INFO	APIResponse/response.go:41	用户权限列表	{"调用 Service": "用户权限列表 处理请求", "处理返回值": {"user":["/user/hello GET","/user/permission GET"],"weight":["/weight/process GET","/weight/acs POST","/weight/craft GET"]}}
2022-07-18T08:56:00.930+0800	INFO	APIResponse/response.go:41	用户权限列表	{"调用 Service": "用户权限列表 处理请求", "处理返回值": {"user":["/user/hello GET","/user/permission GET"],"weight":["/weight/process GET","/weight/acs POST","/weight/craft GET"]}}
2022-07-18T08:56:03.458+0800	INFO	APIResponse/response.go:41	用户权限列表	{"调用 Service": "用户权限列表 处理请求", "处理返回值": {"user":["/user/hello GET","/user/permission GET"],"weight":["/weight/process GET","/weight/acs POST","/weight/craft GET"]}}
2022-07-18T08:59:00.515+0800	INFO	APIResponse/response.go:41	用户权限列表	{"调用 Service": "用户权限列表 处理请求", "处理返回值": {"user":["/user/hello GET","/user/permission GET"],"weight":["/weight/process GET","/weight/acs POST","/weight/craft GET"]}}
2022-07-18T09:05:40.272+0800	INFO	middleware/loggerMidd.go:30	/weight/texture	{"statusxixixixi": 401, "method": "GET", "path": "/weight/texture", "query": "", "ip": "10.10.181.60", "user-agent": "Mozilla/5.0 (Windows NT 10.0; Win64; x64) AppleWebKit/537.36 (KHTML, like Gecko) Chrome/102.0.5005.63 Safari/537.36", "errors": "", "cost": "1.991375ms"}
2022-07-18T09:05:40.272+0800	INFO	middleware/loggerMidd.go:30	/weight/craft	{"statusxixixixi": 401, "method": "GET", "path": "/weight/craft", "query": "", "ip": "10.10.181.60", "user-agent": "Mozilla/5.0 (Windows NT 10.0; Win64; x64) AppleWebKit/537.36 (KHTML, like Gecko) Chrome/102.0.5005.63 Safari/537.36", "errors": "", "cost": "1.886417ms"}
2022-07-18T09:05:40.276+0800	INFO	middleware/loggerMidd.go:30	/weight/process	{"statusxixixixi": 401, "method": "GET", "path": "/weight/process", "query": "", "ip": "10.10.181.60", "user-agent": "Mozilla/5.0 (Windows NT 10.0; Win64; x64) AppleWebKit/537.36 (KHTML, like Gecko) Chrome/102.0.5005.63 Safari/537.36", "errors": "", "cost": "90.542µs"}
2022-07-18T09:05:40.276+0800	INFO	middleware/loggerMidd.go:30	/weight/purchase_status	{"statusxixixixi": 401, "method": "GET", "path": "/weight/purchase_status", "query": "", "ip": "10.10.181.60", "user-agent": "Mozilla/5.0 (Windows NT 10.0; Win64; x64) AppleWebKit/537.36 (KHTML, like Gecko) Chrome/102.0.5005.63 Safari/537.36", "errors": "", "cost": "87.334µs"}
2022-07-18T09:05:40.431+0800	INFO	middleware/loggerMidd.go:30	/weight/craft	{"statusxixixixi": 401, "method": "GET", "path": "/weight/craft", "query": "", "ip": "10.10.181.60", "user-agent": "Mozilla/5.0 (Windows NT 10.0; Win64; x64) AppleWebKit/537.36 (KHTML, like Gecko) Chrome/102.0.5005.63 Safari/537.36", "errors": "", "cost": "118.541µs"}
2022-07-18T09:05:40.439+0800	INFO	middleware/loggerMidd.go:30	/weight/texture	{"statusxixixixi": 401, "method": "GET", "path": "/weight/texture", "query": "", "ip": "10.10.181.60", "user-agent": "Mozilla/5.0 (Windows NT 10.0; Win64; x64) AppleWebKit/537.36 (KHTML, like Gecko) Chrome/102.0.5005.63 Safari/537.36", "errors": "", "cost": "97.75µs"}
2022-07-18T09:05:40.440+0800	INFO	middleware/loggerMidd.go:30	/weight/process	{"statusxixixixi": 401, "method": "GET", "path": "/weight/process", "query": "", "ip": "10.10.181.60", "user-agent": "Mozilla/5.0 (Windows NT 10.0; Win64; x64) AppleWebKit/537.36 (KHTML, like Gecko) Chrome/102.0.5005.63 Safari/537.36", "errors": "", "cost": "89.291µs"}
2022-07-18T09:05:40.439+0800	INFO	middleware/loggerMidd.go:30	/weight/purchase_status	{"statusxixixixi": 401, "method": "GET", "path": "/weight/purchase_status", "query": "", "ip": "10.10.181.60", "user-agent": "Mozilla/5.0 (Windows NT 10.0; Win64; x64) AppleWebKit/537.36 (KHTML, like Gecko) Chrome/102.0.5005.63 Safari/537.36", "errors": "", "cost": "98.042µs"}
2022-07-18T09:05:40.719+0800	INFO	middleware/loggerMidd.go:30	/weight/purchase_status	{"statusxixixixi": 403, "method": "GET", "path": "/weight/purchase_status", "query": "", "ip": "10.10.181.60", "user-agent": "Mozilla/5.0 (Windows NT 10.0; Win64; x64) AppleWebKit/537.36 (KHTML, like Gecko) Chrome/103.0.0.0 Safari/537.36", "errors": "", "cost": "5.01525ms"}
2022-07-18T09:05:40.719+0800	INFO	middleware/loggerMidd.go:30	/weight/texture	{"statusxixixixi": 403, "method": "GET", "path": "/weight/texture", "query": "", "ip": "10.10.181.60", "user-agent": "Mozilla/5.0 (Windows NT 10.0; Win64; x64) AppleWebKit/537.36 (KHTML, like Gecko) Chrome/103.0.0.0 Safari/537.36", "errors": "", "cost": "4.458833ms"}
2022-07-18T09:05:40.719+0800	INFO	Service/service.go:52	GetAllCraft	{"调用 Service": "GetAllCraft 处理请求"}
2022-07-18T09:05:40.719+0800	INFO	Service/service.go:224	GetAllProcess	{"调用 Service": "GetAllProcess 处理请求"}
2022-07-18T09:05:40.751+0800	INFO	middleware/loggerMidd.go:30	/weight/purchase_status	{"statusxixixixi": 401, "method": "GET", "path": "/weight/purchase_status", "query": "", "ip": "10.10.181.60", "user-agent": "Mozilla/5.0 (Windows NT 10.0; Win64; x64) AppleWebKit/537.36 (KHTML, like Gecko) Chrome/100.0.4896.143 YaBrowser/22.5.0.1814 Yowser/2.5 Safari/537.36", "errors": "", "cost": "92µs"}
2022-07-18T09:05:40.751+0800	INFO	middleware/loggerMidd.go:30	/weight/craft	{"statusxixixixi": 401, "method": "GET", "path": "/weight/craft", "query": "", "ip": "10.10.181.60", "user-agent": "Mozilla/5.0 (Windows NT 10.0; Win64; x64) AppleWebKit/537.36 (KHTML, like Gecko) Chrome/100.0.4896.143 YaBrowser/22.5.0.1814 Yowser/2.5 Safari/537.36", "errors": "", "cost": "37.542µs"}
2022-07-18T09:05:40.751+0800	INFO	middleware/loggerMidd.go:30	/weight/process	{"statusxixixixi": 401, "method": "GET", "path": "/weight/process", "query": "", "ip": "10.10.181.60", "user-agent": "Mozilla/5.0 (Windows NT 10.0; Win64; x64) AppleWebKit/537.36 (KHTML, like Gecko) Chrome/100.0.4896.143 YaBrowser/22.5.0.1814 Yowser/2.5 Safari/537.36", "errors": "", "cost": "98.25µs"}
2022-07-18T09:05:40.751+0800	INFO	middleware/loggerMidd.go:30	/weight/texture	{"statusxixixixi": 401, "method": "GET", "path": "/weight/texture", "query": "", "ip": "10.10.181.60", "user-agent": "Mozilla/5.0 (Windows NT 10.0; Win64; x64) AppleWebKit/537.36 (KHTML, like Gecko) Chrome/100.0.4896.143 YaBrowser/22.5.0.1814 Yowser/2.5 Safari/537.36", "errors": "", "cost": "49.208µs"}
2022-07-18T09:05:40.756+0800	INFO	APIResponse/response.go:41	GetAllCraft success	{"调用 Service": "GetAllCraft success 处理请求", "处理返回值": [{"Id":"62b12dea3b72b55e4deb49c4","Name":"V法"},{"Id":"62b162f5d2350d3e494281b6","Name":"覆膜砂"},{"Id":"62b279a86d38630a961e617a","Name":"湿砂机械造型"},{"Id":"62b3b94600406d191e8369ec","Name":"湿砂机械造型（覆膜砂砂芯）"},{"Id":"62b3b95b00406d191e8369ed","Name":"湿砂手工造型"},{"Id":"62b3b99b00406d191e8369ee","Name":"湿砂手工造型(覆膜砂砂芯)"},{"Id":"62b3bba66a1d4731c9677523","Name":"湿砂手工造型（树脂泥芯）"},{"Id":"62b3bbae6a1d4731c9677524","Name":"树脂砂"},{"Id":"62b3bd1d6a1d4731c9677527","Name":"消失模"},{"Id":"62c3edba250a544b2aad186d","Name":"无"}]}
2022-07-18T09:05:40.756+0800	INFO	APIResponse/response.go:41	GetAllProcess success	{"调用 Service": "GetAllProcess success 处理请求", "处理返回值": [{"Id":"62b4006c89e6e79edf417f4b","Name":"粗车+带油泵孔"},{"Id":"62b4007889e6e79edf417f4c","Name":"粗车"},{"Id":"62b4007e89e6e79edf417f4d","Name":"精车"},{"Id":"62b40af27c3f000042001953","Name":"粗车、车减轻槽、钻吊装孔"},{"Id":"62b40af27c3f000042001954","Name":"磨齿"},{"Id":"62c3ee52250a544b2aad1871","Name":"无"}]}
2022-07-18T09:05:56.563+0800	INFO	middleware/loggerMidd.go:30	/weight/texture	{"statusxixixixi": 401, "method": "GET", "path": "/weight/texture", "query": "", "ip": "10.10.181.60", "user-agent": "Mozilla/5.0 (Windows NT 10.0; Win64; x64) AppleWebKit/537.36 (KHTML, like Gecko) Chrome/102.0.5005.63 Safari/537.36", "errors": "", "cost": "166.25µs"}
2022-07-18T09:05:56.564+0800	INFO	middleware/loggerMidd.go:30	/weight/craft	{"statusxixixixi": 401, "method": "GET", "path": "/weight/craft", "query": "", "ip": "10.10.181.60", "user-agent": "Mozilla/5.0 (Windows NT 10.0; Win64; x64) AppleWebKit/537.36 (KHTML, like Gecko) Chrome/102.0.5005.63 Safari/537.36", "errors": "", "cost": "107.625µs"}
2022-07-18T09:05:56.573+0800	INFO	middleware/loggerMidd.go:30	/weight/process	{"statusxixixixi": 401, "method": "GET", "path": "/weight/process", "query": "", "ip": "10.10.181.60", "user-agent": "Mozilla/5.0 (Windows NT 10.0; Win64; x64) AppleWebKit/537.36 (KHTML, like Gecko) Chrome/102.0.5005.63 Safari/537.36", "errors": "", "cost": "226.416µs"}
2022-07-18T09:05:56.575+0800	INFO	middleware/loggerMidd.go:30	/weight/purchase_status	{"statusxixixixi": 401, "method": "GET", "path": "/weight/purchase_status", "query": "", "ip": "10.10.181.60", "user-agent": "Mozilla/5.0 (Windows NT 10.0; Win64; x64) AppleWebKit/537.36 (KHTML, like Gecko) Chrome/102.0.5005.63 Safari/537.36", "errors": "", "cost": "332.167µs"}
2022-07-18T09:05:56.630+0800	INFO	Service/service.go:52	GetAllCraft	{"调用 Service": "GetAllCraft 处理请求"}
2022-07-18T09:05:56.631+0800	INFO	middleware/loggerMidd.go:30	/weight/texture	{"statusxixixixi": 403, "method": "GET", "path": "/weight/texture", "query": "", "ip": "10.10.181.60", "user-agent": "Mozilla/5.0 (Windows NT 10.0; Win64; x64) AppleWebKit/537.36 (KHTML, like Gecko) Chrome/103.0.0.0 Safari/537.36", "errors": "", "cost": "412.5µs"}
2022-07-18T09:05:56.640+0800	INFO	APIResponse/response.go:41	GetAllCraft success	{"调用 Service": "GetAllCraft success 处理请求", "处理返回值": [{"Id":"62b12dea3b72b55e4deb49c4","Name":"V法"},{"Id":"62b162f5d2350d3e494281b6","Name":"覆膜砂"},{"Id":"62b279a86d38630a961e617a","Name":"湿砂机械造型"},{"Id":"62b3b94600406d191e8369ec","Name":"湿砂机械造型（覆膜砂砂芯）"},{"Id":"62b3b95b00406d191e8369ed","Name":"湿砂手工造型"},{"Id":"62b3b99b00406d191e8369ee","Name":"湿砂手工造型(覆膜砂砂芯)"},{"Id":"62b3bba66a1d4731c9677523","Name":"湿砂手工造型（树脂泥芯）"},{"Id":"62b3bbae6a1d4731c9677524","Name":"树脂砂"},{"Id":"62b3bd1d6a1d4731c9677527","Name":"消失模"},{"Id":"62c3edba250a544b2aad186d","Name":"无"}]}
2022-07-18T09:05:56.642+0800	INFO	Service/service.go:224	GetAllProcess	{"调用 Service": "GetAllProcess 处理请求"}
2022-07-18T09:05:56.643+0800	INFO	middleware/loggerMidd.go:30	/weight/purchase_status	{"statusxixixixi": 403, "method": "GET", "path": "/weight/purchase_status", "query": "", "ip": "10.10.181.60", "user-agent": "Mozilla/5.0 (Windows NT 10.0; Win64; x64) AppleWebKit/537.36 (KHTML, like Gecko) Chrome/103.0.0.0 Safari/537.36", "errors": "", "cost": "675.792µs"}
2022-07-18T09:05:56.652+0800	INFO	APIResponse/response.go:41	GetAllProcess success	{"调用 Service": "GetAllProcess success 处理请求", "处理返回值": [{"Id":"62b4006c89e6e79edf417f4b","Name":"粗车+带油泵孔"},{"Id":"62b4007889e6e79edf417f4c","Name":"粗车"},{"Id":"62b4007e89e6e79edf417f4d","Name":"精车"},{"Id":"62b40af27c3f000042001953","Name":"粗车、车减轻槽、钻吊装孔"},{"Id":"62b40af27c3f000042001954","Name":"磨齿"},{"Id":"62c3ee52250a544b2aad1871","Name":"无"}]}
2022-07-18T09:05:56.771+0800	INFO	middleware/loggerMidd.go:30	/weight/process	{"statusxixixixi": 401, "method": "GET", "path": "/weight/process", "query": "", "ip": "10.10.181.60", "user-agent": "Mozilla/5.0 (Windows NT 10.0; Win64; x64) AppleWebKit/537.36 (KHTML, like Gecko) Chrome/102.0.5005.63 Safari/537.36", "errors": "", "cost": "74.583µs"}
2022-07-18T09:05:56.771+0800	INFO	middleware/loggerMidd.go:30	/weight/craft	{"statusxixixixi": 401, "method": "GET", "path": "/weight/craft", "query": "", "ip": "10.10.181.60", "user-agent": "Mozilla/5.0 (Windows NT 10.0; Win64; x64) AppleWebKit/537.36 (KHTML, like Gecko) Chrome/102.0.5005.63 Safari/537.36", "errors": "", "cost": "122.667µs"}
2022-07-18T09:05:56.771+0800	INFO	middleware/loggerMidd.go:30	/weight/texture	{"statusxixixixi": 401, "method": "GET", "path": "/weight/texture", "query": "", "ip": "10.10.181.60", "user-agent": "Mozilla/5.0 (Windows NT 10.0; Win64; x64) AppleWebKit/537.36 (KHTML, like Gecko) Chrome/102.0.5005.63 Safari/537.36", "errors": "", "cost": "75.875µs"}
2022-07-18T09:05:56.780+0800	INFO	middleware/loggerMidd.go:30	/weight/purchase_status	{"statusxixixixi": 401, "method": "GET", "path": "/weight/purchase_status", "query": "", "ip": "10.10.181.60", "user-agent": "Mozilla/5.0 (Windows NT 10.0; Win64; x64) AppleWebKit/537.36 (KHTML, like Gecko) Chrome/102.0.5005.63 Safari/537.36", "errors": "", "cost": "174.75µs"}
2022-07-18T09:05:57.038+0800	INFO	middleware/loggerMidd.go:30	/weight/craft	{"statusxixixixi": 401, "method": "GET", "path": "/weight/craft", "query": "", "ip": "10.10.181.60", "user-agent": "Mozilla/5.0 (Windows NT 10.0; Win64; x64) AppleWebKit/537.36 (KHTML, like Gecko) Chrome/100.0.4896.143 YaBrowser/22.5.0.1814 Yowser/2.5 Safari/537.36", "errors": "", "cost": "120.5µs"}
2022-07-18T09:05:57.043+0800	INFO	middleware/loggerMidd.go:30	/weight/texture	{"statusxixixixi": 401, "method": "GET", "path": "/weight/texture", "query": "", "ip": "10.10.181.60", "user-agent": "Mozilla/5.0 (Windows NT 10.0; Win64; x64) AppleWebKit/537.36 (KHTML, like Gecko) Chrome/100.0.4896.143 YaBrowser/22.5.0.1814 Yowser/2.5 Safari/537.36", "errors": "", "cost": "98.292µs"}
2022-07-18T09:05:57.043+0800	INFO	middleware/loggerMidd.go:30	/weight/process	{"statusxixixixi": 401, "method": "GET", "path": "/weight/process", "query": "", "ip": "10.10.181.60", "user-agent": "Mozilla/5.0 (Windows NT 10.0; Win64; x64) AppleWebKit/537.36 (KHTML, like Gecko) Chrome/100.0.4896.143 YaBrowser/22.5.0.1814 Yowser/2.5 Safari/537.36", "errors": "", "cost": "62µs"}
2022-07-18T09:05:57.043+0800	INFO	middleware/loggerMidd.go:30	/weight/purchase_status	{"statusxixixixi": 401, "method": "GET", "path": "/weight/purchase_status", "query": "", "ip": "10.10.181.60", "user-agent": "Mozilla/5.0 (Windows NT 10.0; Win64; x64) AppleWebKit/537.36 (KHTML, like Gecko) Chrome/100.0.4896.143 YaBrowser/22.5.0.1814 Yowser/2.5 Safari/537.36", "errors": "", "cost": "77.25µs"}
2022-07-18T09:06:25.216+0800	INFO	middleware/loggerMidd.go:30	/weight/texture	{"statusxixixixi": 401, "method": "GET", "path": "/weight/texture", "query": "", "ip": "10.10.181.60", "user-agent": "Mozilla/5.0 (Windows NT 10.0; Win64; x64) AppleWebKit/537.36 (KHTML, like Gecko) Chrome/102.0.5005.63 Safari/537.36", "errors": "", "cost": "296.042µs"}
2022-07-18T09:06:25.216+0800	INFO	middleware/loggerMidd.go:30	/weight/process	{"statusxixixixi": 401, "method": "GET", "path": "/weight/process", "query": "", "ip": "10.10.181.60", "user-agent": "Mozilla/5.0 (Windows NT 10.0; Win64; x64) AppleWebKit/537.36 (KHTML, like Gecko) Chrome/102.0.5005.63 Safari/537.36", "errors": "", "cost": "313.083µs"}
2022-07-18T09:06:25.216+0800	INFO	middleware/loggerMidd.go:30	/weight/craft	{"statusxixixixi": 401, "method": "GET", "path": "/weight/craft", "query": "", "ip": "10.10.181.60", "user-agent": "Mozilla/5.0 (Windows NT 10.0; Win64; x64) AppleWebKit/537.36 (KHTML, like Gecko) Chrome/102.0.5005.63 Safari/537.36", "errors": "", "cost": "294.791µs"}
2022-07-18T09:06:25.225+0800	INFO	middleware/loggerMidd.go:30	/weight/purchase_status	{"statusxixixixi": 401, "method": "GET", "path": "/weight/purchase_status", "query": "", "ip": "10.10.181.60", "user-agent": "Mozilla/5.0 (Windows NT 10.0; Win64; x64) AppleWebKit/537.36 (KHTML, like Gecko) Chrome/102.0.5005.63 Safari/537.36", "errors": "", "cost": "177µs"}
2022-07-18T09:06:25.318+0800	INFO	middleware/loggerMidd.go:30	/weight/craft	{"statusxixixixi": 401, "method": "GET", "path": "/weight/craft", "query": "", "ip": "10.10.181.60", "user-agent": "Mozilla/5.0 (Windows NT 10.0; Win64; x64) AppleWebKit/537.36 (KHTML, like Gecko) Chrome/102.0.5005.63 Safari/537.36", "errors": "", "cost": "112.291µs"}
2022-07-18T09:06:25.318+0800	INFO	middleware/loggerMidd.go:30	/weight/process	{"statusxixixixi": 401, "method": "GET", "path": "/weight/process", "query": "", "ip": "10.10.181.60", "user-agent": "Mozilla/5.0 (Windows NT 10.0; Win64; x64) AppleWebKit/537.36 (KHTML, like Gecko) Chrome/102.0.5005.63 Safari/537.36", "errors": "", "cost": "39.5µs"}
2022-07-18T09:06:25.318+0800	INFO	middleware/loggerMidd.go:30	/weight/texture	{"statusxixixixi": 401, "method": "GET", "path": "/weight/texture", "query": "", "ip": "10.10.181.60", "user-agent": "Mozilla/5.0 (Windows NT 10.0; Win64; x64) AppleWebKit/537.36 (KHTML, like Gecko) Chrome/102.0.5005.63 Safari/537.36", "errors": "", "cost": "87.042µs"}
2022-07-18T09:06:25.318+0800	INFO	middleware/loggerMidd.go:30	/weight/purchase_status	{"statusxixixixi": 401, "method": "GET", "path": "/weight/purchase_status", "query": "", "ip": "10.10.181.60", "user-agent": "Mozilla/5.0 (Windows NT 10.0; Win64; x64) AppleWebKit/537.36 (KHTML, like Gecko) Chrome/102.0.5005.63 Safari/537.36", "errors": "", "cost": "50.916µs"}
2022-07-18T09:06:25.735+0800	INFO	middleware/loggerMidd.go:30	/weight/craft	{"statusxixixixi": 401, "method": "GET", "path": "/weight/craft", "query": "", "ip": "10.10.181.60", "user-agent": "Mozilla/5.0 (Windows NT 10.0; Win64; x64) AppleWebKit/537.36 (KHTML, like Gecko) Chrome/100.0.4896.143 YaBrowser/22.5.0.1814 Yowser/2.5 Safari/537.36", "errors": "", "cost": "178.833µs"}
2022-07-18T09:06:25.741+0800	INFO	middleware/loggerMidd.go:30	/weight/purchase_status	{"statusxixixixi": 401, "method": "GET", "path": "/weight/purchase_status", "query": "", "ip": "10.10.181.60", "user-agent": "Mozilla/5.0 (Windows NT 10.0; Win64; x64) AppleWebKit/537.36 (KHTML, like Gecko) Chrome/100.0.4896.143 YaBrowser/22.5.0.1814 Yowser/2.5 Safari/537.36", "errors": "", "cost": "77.167µs"}
2022-07-18T09:06:25.741+0800	INFO	middleware/loggerMidd.go:30	/weight/process	{"statusxixixixi": 401, "method": "GET", "path": "/weight/process", "query": "", "ip": "10.10.181.60", "user-agent": "Mozilla/5.0 (Windows NT 10.0; Win64; x64) AppleWebKit/537.36 (KHTML, like Gecko) Chrome/100.0.4896.143 YaBrowser/22.5.0.1814 Yowser/2.5 Safari/537.36", "errors": "", "cost": "70.458µs"}
2022-07-18T09:06:25.741+0800	INFO	middleware/loggerMidd.go:30	/weight/texture	{"statusxixixixi": 401, "method": "GET", "path": "/weight/texture", "query": "", "ip": "10.10.181.60", "user-agent": "Mozilla/5.0 (Windows NT 10.0; Win64; x64) AppleWebKit/537.36 (KHTML, like Gecko) Chrome/100.0.4896.143 YaBrowser/22.5.0.1814 Yowser/2.5 Safari/537.36", "errors": "", "cost": "113.625µs"}
2022-07-18T09:06:28.630+0800	INFO	Service/service.go:224	GetAllProcess	{"调用 Service": "GetAllProcess 处理请求"}
2022-07-18T09:06:28.630+0800	INFO	middleware/loggerMidd.go:30	/weight/purchase_status	{"statusxixixixi": 403, "method": "GET", "path": "/weight/purchase_status", "query": "", "ip": "10.10.181.60", "user-agent": "Mozilla/5.0 (Windows NT 10.0; Win64; x64) AppleWebKit/537.36 (KHTML, like Gecko) Chrome/103.0.0.0 Safari/537.36", "errors": "", "cost": "631.333µs"}
2022-07-18T09:06:28.630+0800	INFO	Service/service.go:52	GetAllCraft	{"调用 Service": "GetAllCraft 处理请求"}
2022-07-18T09:06:28.631+0800	INFO	middleware/loggerMidd.go:30	/weight/texture	{"statusxixixixi": 403, "method": "GET", "path": "/weight/texture", "query": "", "ip": "10.10.181.60", "user-agent": "Mozilla/5.0 (Windows NT 10.0; Win64; x64) AppleWebKit/537.36 (KHTML, like Gecko) Chrome/103.0.0.0 Safari/537.36", "errors": "", "cost": "1.487208ms"}
2022-07-18T09:06:28.640+0800	INFO	APIResponse/response.go:41	GetAllCraft success	{"调用 Service": "GetAllCraft success 处理请求", "处理返回值": [{"Id":"62b12dea3b72b55e4deb49c4","Name":"V法"},{"Id":"62b162f5d2350d3e494281b6","Name":"覆膜砂"},{"Id":"62b279a86d38630a961e617a","Name":"湿砂机械造型"},{"Id":"62b3b94600406d191e8369ec","Name":"湿砂机械造型（覆膜砂砂芯）"},{"Id":"62b3b95b00406d191e8369ed","Name":"湿砂手工造型"},{"Id":"62b3b99b00406d191e8369ee","Name":"湿砂手工造型(覆膜砂砂芯)"},{"Id":"62b3bba66a1d4731c9677523","Name":"湿砂手工造型（树脂泥芯）"},{"Id":"62b3bbae6a1d4731c9677524","Name":"树脂砂"},{"Id":"62b3bd1d6a1d4731c9677527","Name":"消失模"},{"Id":"62c3edba250a544b2aad186d","Name":"无"}]}
2022-07-18T09:06:28.640+0800	INFO	APIResponse/response.go:41	GetAllProcess success	{"调用 Service": "GetAllProcess success 处理请求", "处理返回值": [{"Id":"62b4006c89e6e79edf417f4b","Name":"粗车+带油泵孔"},{"Id":"62b4007889e6e79edf417f4c","Name":"粗车"},{"Id":"62b4007e89e6e79edf417f4d","Name":"精车"},{"Id":"62b40af27c3f000042001953","Name":"粗车、车减轻槽、钻吊装孔"},{"Id":"62b40af27c3f000042001954","Name":"磨齿"},{"Id":"62c3ee52250a544b2aad1871","Name":"无"}]}
2022-07-18T09:06:33.946+0800	INFO	Service/service.go:224	GetAllProcess	{"调用 Service": "GetAllProcess 处理请求"}
2022-07-18T09:06:33.946+0800	INFO	middleware/loggerMidd.go:30	/weight/texture	{"statusxixixixi": 403, "method": "GET", "path": "/weight/texture", "query": "", "ip": "10.10.181.60", "user-agent": "Mozilla/5.0 (Windows NT 10.0; Win64; x64) AppleWebKit/537.36 (KHTML, like Gecko) Chrome/103.0.0.0 Safari/537.36", "errors": "", "cost": "692.875µs"}
2022-07-18T09:06:33.946+0800	INFO	Service/service.go:52	GetAllCraft	{"调用 Service": "GetAllCraft 处理请求"}
2022-07-18T09:06:33.946+0800	INFO	middleware/loggerMidd.go:30	/weight/purchase_status	{"statusxixixixi": 403, "method": "GET", "path": "/weight/purchase_status", "query": "", "ip": "10.10.181.60", "user-agent": "Mozilla/5.0 (Windows NT 10.0; Win64; x64) AppleWebKit/537.36 (KHTML, like Gecko) Chrome/103.0.0.0 Safari/537.36", "errors": "", "cost": "781.459µs"}
2022-07-18T09:06:33.957+0800	INFO	APIResponse/response.go:41	GetAllProcess success	{"调用 Service": "GetAllProcess success 处理请求", "处理返回值": [{"Id":"62b4006c89e6e79edf417f4b","Name":"粗车+带油泵孔"},{"Id":"62b4007889e6e79edf417f4c","Name":"粗车"},{"Id":"62b4007e89e6e79edf417f4d","Name":"精车"},{"Id":"62b40af27c3f000042001953","Name":"粗车、车减轻槽、钻吊装孔"},{"Id":"62b40af27c3f000042001954","Name":"磨齿"},{"Id":"62c3ee52250a544b2aad1871","Name":"无"}]}
2022-07-18T09:06:33.957+0800	INFO	APIResponse/response.go:41	GetAllCraft success	{"调用 Service": "GetAllCraft success 处理请求", "处理返回值": [{"Id":"62b12dea3b72b55e4deb49c4","Name":"V法"},{"Id":"62b162f5d2350d3e494281b6","Name":"覆膜砂"},{"Id":"62b279a86d38630a961e617a","Name":"湿砂机械造型"},{"Id":"62b3b94600406d191e8369ec","Name":"湿砂机械造型（覆膜砂砂芯）"},{"Id":"62b3b95b00406d191e8369ed","Name":"湿砂手工造型"},{"Id":"62b3b99b00406d191e8369ee","Name":"湿砂手工造型(覆膜砂砂芯)"},{"Id":"62b3bba66a1d4731c9677523","Name":"湿砂手工造型（树脂泥芯）"},{"Id":"62b3bbae6a1d4731c9677524","Name":"树脂砂"},{"Id":"62b3bd1d6a1d4731c9677527","Name":"消失模"},{"Id":"62c3edba250a544b2aad186d","Name":"无"}]}
2022-07-18T09:23:37.703+0800	INFO	Auth/auth.go:29	UserAuthCallback	{"UserAuthCallback user_name": "--------->admin"}
2022-07-18T09:23:37.876+0800	INFO	Auth/auth.go:52	UserAuthCallback success	{"UserAuthCallback user_name success": "--------->admin"}
2022-07-18T09:33:45.523+0800	INFO	Auth/auth.go:29	UserAuthCallback	{"UserAuthCallback user_name": "--------->admin"}
2022-07-18T09:33:45.654+0800	INFO	Auth/auth.go:52	UserAuthCallback success	{"UserAuthCallback user_name success": "--------->admin"}
2022-07-18T09:33:45.781+0800	INFO	APIResponse/response.go:41	用户权限列表	{"调用 Service": "用户权限列表 处理请求", "处理返回值": {"user":["/user/hello GET","/user/permission GET"],"weight":["/weight/process GET","/weight/acs POST","/weight/craft GET"]}}
2022-07-18T09:33:49.519+0800	INFO	Auth/auth.go:29	UserAuthCallback	{"UserAuthCallback user_name": "--------->admin"}
2022-07-18T09:33:49.647+0800	INFO	Auth/auth.go:52	UserAuthCallback success	{"UserAuthCallback user_name success": "--------->admin"}
2022-07-18T09:33:49.989+0800	INFO	APIResponse/response.go:41	用户权限列表	{"调用 Service": "用户权限列表 处理请求", "处理返回值": {"user":["/user/hello GET","/user/permission GET"],"weight":["/weight/process GET","/weight/acs POST","/weight/craft GET"]}}
2022-07-18T09:33:50.850+0800	INFO	Auth/auth.go:29	UserAuthCallback	{"UserAuthCallback user_name": "--------->admin"}
2022-07-18T09:33:50.978+0800	INFO	Auth/auth.go:52	UserAuthCallback success	{"UserAuthCallback user_name success": "--------->admin"}
2022-07-18T09:33:51.466+0800	INFO	APIResponse/response.go:41	用户权限列表	{"调用 Service": "用户权限列表 处理请求", "处理返回值": {"user":["/user/hello GET","/user/permission GET"],"weight":["/weight/process GET","/weight/acs POST","/weight/craft GET"]}}
2022-07-18T09:34:14.507+0800	INFO	Auth/auth.go:29	UserAuthCallback	{"UserAuthCallback user_name": "--------->admin"}
2022-07-18T09:34:14.634+0800	INFO	Auth/auth.go:52	UserAuthCallback success	{"UserAuthCallback user_name success": "--------->admin"}
2022-07-18T09:34:14.674+0800	INFO	APIResponse/response.go:41	用户权限列表	{"调用 Service": "用户权限列表 处理请求", "处理返回值": {"user":["/user/hello GET","/user/permission GET"],"weight":["/weight/process GET","/weight/acs POST","/weight/craft GET"]}}
2022-07-18T09:34:15.693+0800	INFO	Auth/auth.go:29	UserAuthCallback	{"UserAuthCallback user_name": "--------->admin"}
2022-07-18T09:34:15.822+0800	INFO	Auth/auth.go:52	UserAuthCallback success	{"UserAuthCallback user_name success": "--------->admin"}
2022-07-18T09:34:15.850+0800	INFO	APIResponse/response.go:41	用户权限列表	{"调用 Service": "用户权限列表 处理请求", "处理返回值": {"user":["/user/hello GET","/user/permission GET"],"weight":["/weight/process GET","/weight/acs POST","/weight/craft GET"]}}
2022-07-18T09:34:19.006+0800	INFO	Auth/auth.go:29	UserAuthCallback	{"UserAuthCallback user_name": "--------->admin1"}
2022-07-18T09:34:19.026+0800	INFO	Auth/auth.go:59	UserAuthCallback fail	{"UserAuthCallback user_name fail": "--------->admin1"}
2022-07-18T09:34:21.258+0800	INFO	Auth/auth.go:29	UserAuthCallback	{"UserAuthCallback user_name": "--------->admin"}
2022-07-18T09:34:21.385+0800	INFO	Auth/auth.go:52	UserAuthCallback success	{"UserAuthCallback user_name success": "--------->admin"}
2022-07-18T09:34:21.779+0800	INFO	APIResponse/response.go:41	用户权限列表	{"调用 Service": "用户权限列表 处理请求", "处理返回值": {"user":["/user/hello GET","/user/permission GET"],"weight":["/weight/process GET","/weight/acs POST","/weight/craft GET"]}}
2022-07-18T09:34:23.689+0800	INFO	Auth/auth.go:29	UserAuthCallback	{"UserAuthCallback user_name": "--------->admin"}
2022-07-18T09:34:23.821+0800	INFO	Auth/auth.go:52	UserAuthCallback success	{"UserAuthCallback user_name success": "--------->admin"}
2022-07-18T09:34:24.231+0800	INFO	APIResponse/response.go:41	用户权限列表	{"调用 Service": "用户权限列表 处理请求", "处理返回值": {"user":["/user/hello GET","/user/permission GET"],"weight":["/weight/process GET","/weight/acs POST","/weight/craft GET"]}}
2022-07-18T09:34:25.784+0800	INFO	Auth/auth.go:29	UserAuthCallback	{"UserAuthCallback user_name": "--------->admin"}
2022-07-18T09:34:25.945+0800	INFO	Auth/auth.go:52	UserAuthCallback success	{"UserAuthCallback user_name success": "--------->admin"}
2022-07-18T09:34:26.387+0800	INFO	APIResponse/response.go:41	用户权限列表	{"调用 Service": "用户权限列表 处理请求", "处理返回值": {"user":["/user/hello GET","/user/permission GET"],"weight":["/weight/process GET","/weight/acs POST","/weight/craft GET"]}}
2022-07-18T09:34:40.406+0800	INFO	Auth/auth.go:29	UserAuthCallback	{"UserAuthCallback user_name": "--------->admin"}
2022-07-18T09:34:40.535+0800	INFO	Auth/auth.go:52	UserAuthCallback success	{"UserAuthCallback user_name success": "--------->admin"}
2022-07-18T09:34:40.913+0800	INFO	APIResponse/response.go:41	用户权限列表	{"调用 Service": "用户权限列表 处理请求", "处理返回值": {"user":["/user/hello GET","/user/permission GET"],"weight":["/weight/process GET","/weight/acs POST","/weight/craft GET"]}}
2022-07-18T09:34:43.851+0800	INFO	Auth/auth.go:29	UserAuthCallback	{"UserAuthCallback user_name": "--------->admin"}
2022-07-18T09:34:43.959+0800	INFO	Auth/auth.go:52	UserAuthCallback success	{"UserAuthCallback user_name success": "--------->admin"}
2022-07-18T09:34:44.302+0800	INFO	APIResponse/response.go:41	用户权限列表	{"调用 Service": "用户权限列表 处理请求", "处理返回值": {"user":["/user/hello GET","/user/permission GET"],"weight":["/weight/process GET","/weight/acs POST","/weight/craft GET"]}}
2022-07-18T09:35:55.881+0800	INFO	Auth/auth.go:29	UserAuthCallback	{"UserAuthCallback user_name": "--------->admin"}
2022-07-18T09:35:56.009+0800	INFO	Auth/auth.go:52	UserAuthCallback success	{"UserAuthCallback user_name success": "--------->admin"}
2022-07-18T09:35:56.048+0800	INFO	APIResponse/response.go:41	用户权限列表	{"调用 Service": "用户权限列表 处理请求", "处理返回值": {"user":["/user/hello GET","/user/permission GET"],"weight":["/weight/process GET","/weight/acs POST","/weight/craft GET"]}}
2022-07-18T09:36:12.931+0800	INFO	Auth/auth.go:29	UserAuthCallback	{"UserAuthCallback user_name": "--------->admin"}
2022-07-18T09:36:13.023+0800	INFO	Auth/auth.go:52	UserAuthCallback success	{"UserAuthCallback user_name success": "--------->admin"}
2022-07-18T09:36:13.044+0800	INFO	APIResponse/response.go:41	用户权限列表	{"调用 Service": "用户权限列表 处理请求", "处理返回值": {"user":["/user/hello GET","/user/permission GET"],"weight":["/weight/process GET","/weight/acs POST","/weight/craft GET"]}}
2022-07-18T09:38:05.755+0800	INFO	Auth/auth.go:29	UserAuthCallback	{"UserAuthCallback user_name": "--------->admin"}
2022-07-18T09:38:05.936+0800	INFO	Auth/auth.go:52	UserAuthCallback success	{"UserAuthCallback user_name success": "--------->admin"}
2022-07-18T09:38:05.971+0800	INFO	APIResponse/response.go:41	用户权限列表	{"调用 Service": "用户权限列表 处理请求", "处理返回值": {"user":["/user/hello GET","/user/permission GET"],"weight":["/weight/process GET","/weight/acs POST","/weight/craft GET"]}}
2022-07-18T09:38:37.273+0800	INFO	Auth/auth.go:29	UserAuthCallback	{"UserAuthCallback user_name": "--------->admin"}
2022-07-18T09:38:37.389+0800	INFO	Auth/auth.go:52	UserAuthCallback success	{"UserAuthCallback user_name success": "--------->admin"}
2022-07-18T09:38:37.436+0800	INFO	APIResponse/response.go:41	用户权限列表	{"调用 Service": "用户权限列表 处理请求", "处理返回值": {"user":["/user/hello GET","/user/permission GET"],"weight":["/weight/process GET","/weight/acs POST","/weight/craft GET"]}}
2022-07-18T09:38:38.919+0800	INFO	Auth/auth.go:29	UserAuthCallback	{"UserAuthCallback user_name": "--------->admin"}
2022-07-18T09:38:39.035+0800	INFO	Auth/auth.go:52	UserAuthCallback success	{"UserAuthCallback user_name success": "--------->admin"}
2022-07-18T09:38:39.074+0800	INFO	APIResponse/response.go:41	用户权限列表	{"调用 Service": "用户权限列表 处理请求", "处理返回值": {"user":["/user/hello GET","/user/permission GET"],"weight":["/weight/process GET","/weight/acs POST","/weight/craft GET"]}}
